
*** Running vivado
    with args -log ald_wrapper.vdi -applog -m64 -product Vivado -messageDb vivado.pb -mode batch -source ald_wrapper.tcl -notrace


****** Vivado v2018.3 (64-bit)
  **** SW Build 2405991 on Thu Dec  6 23:36:41 MST 2018
  **** IP Build 2404404 on Fri Dec  7 01:43:56 MST 2018
    ** Copyright 1986-2018 Xilinx, Inc. All Rights Reserved.

source ald_wrapper.tcl -notrace
INFO: [IP_Flow 19-234] Refreshing IP repositories
INFO: [IP_Flow 19-1700] Loaded user IP repository '/home/lsriw/PSRA/DG/lab6/ip_repo/parameter_register_1.0'.
INFO: [IP_Flow 19-1700] Loaded user IP repository '/home/lsriw/PSRA/DG/lab3/maciej/lab2/ip_repo'.
INFO: [IP_Flow 19-1700] Loaded user IP repository '/home/lsriw/PSRA/DG/lab6/ip_repo/draw_bbox'.
INFO: [IP_Flow 19-1700] Loaded user IP repository '/home/lsriw/PSRA/DG/lab6/write_video_bram'.
INFO: [IP_Flow 19-2313] Loaded Vivado IP repository '/opt/Xilinx/Vivado/2018.3/data/ip'.
WARNING: [IP_Flow 19-395] Problem validating against XML schema: see 'spirit:order' : Invalid value format for this type
CRITICAL WARNING: [IP_Flow 19-182] Failed to load BOM file '/home/lsriw/PSRA/DG/lab6/ald/ald.srcs/sources_1/bd/ald/ip/ald_v_tc_0_0/ald_v_tc_0_0.xml'.
CRITICAL WARNING: [IP_Flow 19-183] Failed to load IP instance 'ald_v_tc_0_0'.
CRITICAL WARNING: [IP_Flow 19-1835] Failed to recreate IP instance 'ald_v_tc_0_0'. Error reading project file(s).
WARNING: [IP_Flow 19-395] Problem validating against XML schema: see 'spirit:order' : Invalid value format for this type
CRITICAL WARNING: [IP_Flow 19-182] Failed to load BOM file '/home/lsriw/PSRA/DG/lab6/ald/ald.srcs/sources_1/bd/ald/ip/ald_v_tc_0_0_1/ald_v_tc_0_0.xml'.
CRITICAL WARNING: [IP_Flow 19-183] Failed to load IP instance 'ald_v_tc_0_0'.
CRITICAL WARNING: [IP_Flow 19-1835] Failed to recreate IP instance 'ald_v_tc_0_0'. Error reading project file(s).
Command: link_design -top ald_wrapper -part xc7z010clg400-1
Design is defaulting to srcset: sources_1
Design is defaulting to constrset: constrs_1
INFO: [Project 1-454] Reading design checkpoint '/home/lsriw/PSRA/DG/lab6/ald/ald.srcs/sources_1/bd/ald/ip/ald_axi_bram_ctrl_0_0/ald_axi_bram_ctrl_0_0.dcp' for cell 'ald_i/axi_bram_ctrl_0'
INFO: [Project 1-454] Reading design checkpoint '/home/lsriw/PSRA/DG/lab6/ald/ald.srcs/sources_1/bd/ald/ip/ald_axi_smc_0/ald_axi_smc_0.dcp' for cell 'ald_i/axi_smc'
INFO: [Project 1-454] Reading design checkpoint '/home/lsriw/PSRA/DG/lab6/ald/ald.srcs/sources_1/bd/ald/ip/ald_blk_mem_gen_0_0/ald_blk_mem_gen_0_0.dcp' for cell 'ald_i/blk_mem_gen_0'
INFO: [Project 1-454] Reading design checkpoint '/home/lsriw/PSRA/DG/lab6/ald/ald.srcs/sources_1/bd/ald/ip/ald_clk_wiz_0_1/ald_clk_wiz_0_1.dcp' for cell 'ald_i/clk_wiz_1'
INFO: [Project 1-454] Reading design checkpoint '/home/lsriw/PSRA/DG/lab6/ald/ald.srcs/sources_1/bd/ald/ip/ald_draw_bbox_0_0/ald_draw_bbox_0_0.dcp' for cell 'ald_i/draw_bbox_0'
INFO: [Project 1-454] Reading design checkpoint '/home/lsriw/PSRA/DG/lab6/ald/ald.srcs/sources_1/bd/ald/ip/ald_dvi2rgb_0_0/ald_dvi2rgb_0_0.dcp' for cell 'ald_i/dvi2rgb_0'
INFO: [Project 1-454] Reading design checkpoint '/home/lsriw/PSRA/DG/lab6/ald/ald.srcs/sources_1/bd/ald/ip/ald_parameter_register_0_0/ald_parameter_register_0_0.dcp' for cell 'ald_i/parameter_register_0'
INFO: [Project 1-454] Reading design checkpoint '/home/lsriw/PSRA/DG/lab6/ald/ald.srcs/sources_1/bd/ald/ip/ald_processing_system7_0_0/ald_processing_system7_0_0.dcp' for cell 'ald_i/processing_system7_0'
INFO: [Project 1-454] Reading design checkpoint '/home/lsriw/PSRA/DG/lab6/ald/ald.srcs/sources_1/bd/ald/ip/ald_rgb2vga_0_0/ald_rgb2vga_0_0.dcp' for cell 'ald_i/rgb2vga_0'
INFO: [Project 1-454] Reading design checkpoint '/home/lsriw/PSRA/DG/lab6/ald/ald.srcs/sources_1/bd/ald/ip/ald_rst_ps7_0_100M_0/ald_rst_ps7_0_100M_0.dcp' for cell 'ald_i/rst_ps7_0_100M'
INFO: [Project 1-454] Reading design checkpoint '/home/lsriw/PSRA/DG/lab6/ald/ald.srcs/sources_1/bd/ald/ip/ald_shift_addr_0_0/ald_shift_addr_0_0.dcp' for cell 'ald_i/shift_addr_0'
INFO: [Project 1-454] Reading design checkpoint '/home/lsriw/PSRA/DG/lab6/ald/ald.srcs/sources_1/bd/ald/ip/ald_system_ila_0_0/ald_system_ila_0_0.dcp' for cell 'ald_i/system_ila_0'
INFO: [Project 1-454] Reading design checkpoint '/home/lsriw/PSRA/DG/lab6/ald/ald.srcs/sources_1/bd/ald/ip/ald_v_axi4s_vid_out_0_0/ald_v_axi4s_vid_out_0_0.dcp' for cell 'ald_i/v_axi4s_vid_out_0'
INFO: [Project 1-454] Reading design checkpoint '/home/lsriw/PSRA/DG/lab6/ald/ald.srcs/sources_1/bd/ald/ip/ald_v_tc_0_0_2/ald_v_tc_0_0.dcp' for cell 'ald_i/v_tc_0'
INFO: [Project 1-454] Reading design checkpoint '/home/lsriw/PSRA/DG/lab6/ald/ald.srcs/sources_1/bd/ald/ip/ald_v_vid_in_axi4s_0_0/ald_v_vid_in_axi4s_0_0.dcp' for cell 'ald_i/v_vid_in_axi4s_0'
INFO: [Project 1-454] Reading design checkpoint '/home/lsriw/PSRA/DG/lab6/ald/ald.srcs/sources_1/bd/ald/ip/ald_write_video_bram_0_0/ald_write_video_bram_0_0.dcp' for cell 'ald_i/write_video_bram_0'
INFO: [Project 1-454] Reading design checkpoint '/home/lsriw/PSRA/DG/lab6/ald/ald.srcs/sources_1/bd/ald/ip/ald_xbar_0/ald_xbar_0.dcp' for cell 'ald_i/ps7_0_axi_periph/xbar'
INFO: [Project 1-454] Reading design checkpoint '/home/lsriw/PSRA/DG/lab6/ald/ald.srcs/sources_1/bd/ald/ip/ald_auto_pc_0/ald_auto_pc_0.dcp' for cell 'ald_i/ps7_0_axi_periph/s00_couplers/auto_pc'
INFO: [Netlist 29-17] Analyzing 558 Unisim elements for replacement
INFO: [Netlist 29-28] Unisim Transformation completed in 0 CPU seconds
INFO: [Project 1-479] Netlist was created with Vivado 2018.3
INFO: [Device 21-403] Loading part xc7z010clg400-1
INFO: [Project 1-570] Preparing netlist for logic optimization
INFO: [Chipscope 16-324] Core: ald_i/system_ila_0/inst/ila_lib UUID: 7e8394f7-275e-549a-809f-c7768f1d267e 
Parsing XDC File [/home/lsriw/PSRA/DG/lab6/ald/ald.srcs/sources_1/bd/ald/ip/ald_processing_system7_0_0/ald_processing_system7_0_0.xdc] for cell 'ald_i/processing_system7_0/inst'
Finished Parsing XDC File [/home/lsriw/PSRA/DG/lab6/ald/ald.srcs/sources_1/bd/ald/ip/ald_processing_system7_0_0/ald_processing_system7_0_0.xdc] for cell 'ald_i/processing_system7_0/inst'
Parsing XDC File [/home/lsriw/PSRA/DG/lab6/ald/ald.srcs/sources_1/bd/ald/ip/ald_dvi2rgb_0_0/src/dvi2rgb.xdc] for cell 'ald_i/dvi2rgb_0/U0'
Finished Parsing XDC File [/home/lsriw/PSRA/DG/lab6/ald/ald.srcs/sources_1/bd/ald/ip/ald_dvi2rgb_0_0/src/dvi2rgb.xdc] for cell 'ald_i/dvi2rgb_0/U0'
Parsing XDC File [/home/lsriw/PSRA/DG/lab6/ald/ald.srcs/sources_1/bd/ald/ip/ald_rst_ps7_0_100M_0/ald_rst_ps7_0_100M_0_board.xdc] for cell 'ald_i/rst_ps7_0_100M/U0'
Finished Parsing XDC File [/home/lsriw/PSRA/DG/lab6/ald/ald.srcs/sources_1/bd/ald/ip/ald_rst_ps7_0_100M_0/ald_rst_ps7_0_100M_0_board.xdc] for cell 'ald_i/rst_ps7_0_100M/U0'
Parsing XDC File [/home/lsriw/PSRA/DG/lab6/ald/ald.srcs/sources_1/bd/ald/ip/ald_rst_ps7_0_100M_0/ald_rst_ps7_0_100M_0.xdc] for cell 'ald_i/rst_ps7_0_100M/U0'
Finished Parsing XDC File [/home/lsriw/PSRA/DG/lab6/ald/ald.srcs/sources_1/bd/ald/ip/ald_rst_ps7_0_100M_0/ald_rst_ps7_0_100M_0.xdc] for cell 'ald_i/rst_ps7_0_100M/U0'
Parsing XDC File [/home/lsriw/PSRA/DG/lab6/ald/ald.srcs/sources_1/bd/ald/ip/ald_clk_wiz_0_1/ald_clk_wiz_0_1_board.xdc] for cell 'ald_i/clk_wiz_1/inst'
Finished Parsing XDC File [/home/lsriw/PSRA/DG/lab6/ald/ald.srcs/sources_1/bd/ald/ip/ald_clk_wiz_0_1/ald_clk_wiz_0_1_board.xdc] for cell 'ald_i/clk_wiz_1/inst'
Parsing XDC File [/home/lsriw/PSRA/DG/lab6/ald/ald.srcs/sources_1/bd/ald/ip/ald_clk_wiz_0_1/ald_clk_wiz_0_1.xdc] for cell 'ald_i/clk_wiz_1/inst'
INFO: [Timing 38-35] Done setting XDC timing constraints. [/home/lsriw/PSRA/DG/lab6/ald/ald.srcs/sources_1/bd/ald/ip/ald_clk_wiz_0_1/ald_clk_wiz_0_1.xdc:57]
INFO: [Timing 38-2] Deriving generated clocks [/home/lsriw/PSRA/DG/lab6/ald/ald.srcs/sources_1/bd/ald/ip/ald_clk_wiz_0_1/ald_clk_wiz_0_1.xdc:57]
get_clocks: Time (s): cpu = 00:00:07 ; elapsed = 00:00:06 . Memory (MB): peak = 2367.516 ; gain = 536.594 ; free physical = 6921 ; free virtual = 12619
Finished Parsing XDC File [/home/lsriw/PSRA/DG/lab6/ald/ald.srcs/sources_1/bd/ald/ip/ald_clk_wiz_0_1/ald_clk_wiz_0_1.xdc] for cell 'ald_i/clk_wiz_1/inst'
Parsing XDC File [/home/lsriw/PSRA/DG/lab6/ald/ald.srcs/sources_1/bd/ald/ip/ald_axi_smc_0/bd_0/ip/ip_1/bd_d54d_psr_aclk_0_board.xdc] for cell 'ald_i/axi_smc/inst/clk_map/psr_aclk/U0'
Finished Parsing XDC File [/home/lsriw/PSRA/DG/lab6/ald/ald.srcs/sources_1/bd/ald/ip/ald_axi_smc_0/bd_0/ip/ip_1/bd_d54d_psr_aclk_0_board.xdc] for cell 'ald_i/axi_smc/inst/clk_map/psr_aclk/U0'
Parsing XDC File [/home/lsriw/PSRA/DG/lab6/ald/ald.srcs/sources_1/bd/ald/ip/ald_axi_smc_0/bd_0/ip/ip_1/bd_d54d_psr_aclk_0.xdc] for cell 'ald_i/axi_smc/inst/clk_map/psr_aclk/U0'
Finished Parsing XDC File [/home/lsriw/PSRA/DG/lab6/ald/ald.srcs/sources_1/bd/ald/ip/ald_axi_smc_0/bd_0/ip/ip_1/bd_d54d_psr_aclk_0.xdc] for cell 'ald_i/axi_smc/inst/clk_map/psr_aclk/U0'
Parsing XDC File [/home/lsriw/PSRA/DG/lab6/ald/ald.srcs/sources_1/bd/ald/ip/ald_system_ila_0_0/bd_0/ip/ip_0/ila_v6_2/constraints/ila_impl.xdc] for cell 'ald_i/system_ila_0/inst/ila_lib/inst'
Finished Parsing XDC File [/home/lsriw/PSRA/DG/lab6/ald/ald.srcs/sources_1/bd/ald/ip/ald_system_ila_0_0/bd_0/ip/ip_0/ila_v6_2/constraints/ila_impl.xdc] for cell 'ald_i/system_ila_0/inst/ila_lib/inst'
Parsing XDC File [/home/lsriw/PSRA/DG/lab6/ald/ald.srcs/sources_1/bd/ald/ip/ald_system_ila_0_0/bd_0/ip/ip_0/ila_v6_2/constraints/ila.xdc] for cell 'ald_i/system_ila_0/inst/ila_lib/inst'
Finished Parsing XDC File [/home/lsriw/PSRA/DG/lab6/ald/ald.srcs/sources_1/bd/ald/ip/ald_system_ila_0_0/bd_0/ip/ip_0/ila_v6_2/constraints/ila.xdc] for cell 'ald_i/system_ila_0/inst/ila_lib/inst'
Parsing XDC File [/home/lsriw/PSRA/DG/lab6/ald/ald.srcs/constrs_1/imports/hdmi_vga_zybo_src/Zybo_HDMI.xdc]
Finished Parsing XDC File [/home/lsriw/PSRA/DG/lab6/ald/ald.srcs/constrs_1/imports/hdmi_vga_zybo_src/Zybo_HDMI.xdc]
Parsing XDC File [/home/lsriw/PSRA/DG/lab6/ald/ald.srcs/sources_1/bd/ald/ip/ald_v_vid_in_axi4s_0_0/ald_v_vid_in_axi4s_0_0_clocks.xdc] for cell 'ald_i/v_vid_in_axi4s_0/inst'
Finished Parsing XDC File [/home/lsriw/PSRA/DG/lab6/ald/ald.srcs/sources_1/bd/ald/ip/ald_v_vid_in_axi4s_0_0/ald_v_vid_in_axi4s_0_0_clocks.xdc] for cell 'ald_i/v_vid_in_axi4s_0/inst'
Parsing XDC File [/home/lsriw/PSRA/DG/lab6/ald/ald.srcs/sources_1/bd/ald/ip/ald_v_axi4s_vid_out_0_0/ald_v_axi4s_vid_out_0_0_clocks.xdc] for cell 'ald_i/v_axi4s_vid_out_0/inst'
Finished Parsing XDC File [/home/lsriw/PSRA/DG/lab6/ald/ald.srcs/sources_1/bd/ald/ip/ald_v_axi4s_vid_out_0_0/ald_v_axi4s_vid_out_0_0_clocks.xdc] for cell 'ald_i/v_axi4s_vid_out_0/inst'
Parsing XDC File [/home/lsriw/PSRA/DG/lab6/ald/ald.srcs/sources_1/bd/ald/ip/ald_v_tc_0_0_2/ald_v_tc_0_0_clocks.xdc] for cell 'ald_i/v_tc_0/U0'
INFO: [Timing 38-2] Deriving generated clocks [/home/lsriw/PSRA/DG/lab6/ald/ald.srcs/sources_1/bd/ald/ip/ald_v_tc_0_0_2/ald_v_tc_0_0_clocks.xdc:2]
Finished Parsing XDC File [/home/lsriw/PSRA/DG/lab6/ald/ald.srcs/sources_1/bd/ald/ip/ald_v_tc_0_0_2/ald_v_tc_0_0_clocks.xdc] for cell 'ald_i/v_tc_0/U0'
Sourcing Tcl File [/opt/Xilinx/Vivado/2018.3/data/ip/xpm/xpm_cdc/tcl/xpm_cdc_single.tcl] for cell 'ald_i/v_axi4s_vid_out_0/inst/CDC_SINGLE_LOCKED_INST/xpm_cdc_single_inst'
Finished Sourcing Tcl File [/opt/Xilinx/Vivado/2018.3/data/ip/xpm/xpm_cdc/tcl/xpm_cdc_single.tcl] for cell 'ald_i/v_axi4s_vid_out_0/inst/CDC_SINGLE_LOCKED_INST/xpm_cdc_single_inst'
Sourcing Tcl File [/opt/Xilinx/Vivado/2018.3/data/ip/xpm/xpm_cdc/tcl/xpm_cdc_single.tcl] for cell 'ald_i/v_axi4s_vid_out_0/inst/CDC_SINGLE_REMAP_UNDERFLOW_INST/xpm_cdc_single_inst'
Finished Sourcing Tcl File [/opt/Xilinx/Vivado/2018.3/data/ip/xpm/xpm_cdc/tcl/xpm_cdc_single.tcl] for cell 'ald_i/v_axi4s_vid_out_0/inst/CDC_SINGLE_REMAP_UNDERFLOW_INST/xpm_cdc_single_inst'
Sourcing Tcl File [/opt/Xilinx/Vivado/2018.3/data/ip/xpm/xpm_cdc/tcl/xpm_cdc_single.tcl] for cell 'ald_i/v_vid_in_axi4s_0/inst/CDC_SINGLE_REMAP_OVERFLOW_INST/xpm_cdc_single_inst'
Finished Sourcing Tcl File [/opt/Xilinx/Vivado/2018.3/data/ip/xpm/xpm_cdc/tcl/xpm_cdc_single.tcl] for cell 'ald_i/v_vid_in_axi4s_0/inst/CDC_SINGLE_REMAP_OVERFLOW_INST/xpm_cdc_single_inst'
Sourcing Tcl File [/opt/Xilinx/Vivado/2018.3/data/ip/xpm/xpm_cdc/tcl/xpm_cdc_single.tcl] for cell 'ald_i/v_vid_in_axi4s_0/inst/CDC_SINGLE_RESET_PULSE_INST/xpm_cdc_single_inst'
Finished Sourcing Tcl File [/opt/Xilinx/Vivado/2018.3/data/ip/xpm/xpm_cdc/tcl/xpm_cdc_single.tcl] for cell 'ald_i/v_vid_in_axi4s_0/inst/CDC_SINGLE_RESET_PULSE_INST/xpm_cdc_single_inst'
Sourcing Tcl File [/opt/Xilinx/Vivado/2018.3/data/ip/xpm/xpm_fifo/tcl/xpm_fifo_rst.tcl] for cell 'ald_i/v_axi4s_vid_out_0/inst/COUPLER_INST/generate_sync_fifo.FIFO_INST/XPM_FIFO_SYNC_INST'
Finished Sourcing Tcl File [/opt/Xilinx/Vivado/2018.3/data/ip/xpm/xpm_fifo/tcl/xpm_fifo_rst.tcl] for cell 'ald_i/v_axi4s_vid_out_0/inst/COUPLER_INST/generate_sync_fifo.FIFO_INST/XPM_FIFO_SYNC_INST'
Sourcing Tcl File [/opt/Xilinx/Vivado/2018.3/data/ip/xpm/xpm_fifo/tcl/xpm_fifo_rst.tcl] for cell 'ald_i/v_vid_in_axi4s_0/inst/COUPLER_INST/generate_sync_fifo.FIFO_INST/XPM_FIFO_SYNC_INST'
Finished Sourcing Tcl File [/opt/Xilinx/Vivado/2018.3/data/ip/xpm/xpm_fifo/tcl/xpm_fifo_rst.tcl] for cell 'ald_i/v_vid_in_axi4s_0/inst/COUPLER_INST/generate_sync_fifo.FIFO_INST/XPM_FIFO_SYNC_INST'
Sourcing Tcl File [/opt/Xilinx/Vivado/2018.3/data/ip/xpm/xpm_memory/tcl/xpm_memory_xdc.tcl] for cell 'ald_i/axi_smc/inst/s00_nodes/s00_ar_node/inst/inst_mi_handler/gen_normal_area.inst_fifo_node_payld/gen_xpm_memory_fifo.inst_fifo/gen_mem_rep[0].inst_xpm_memory'
Finished Sourcing Tcl File [/opt/Xilinx/Vivado/2018.3/data/ip/xpm/xpm_memory/tcl/xpm_memory_xdc.tcl] for cell 'ald_i/axi_smc/inst/s00_nodes/s00_ar_node/inst/inst_mi_handler/gen_normal_area.inst_fifo_node_payld/gen_xpm_memory_fifo.inst_fifo/gen_mem_rep[0].inst_xpm_memory'
Sourcing Tcl File [/opt/Xilinx/Vivado/2018.3/data/ip/xpm/xpm_memory/tcl/xpm_memory_xdc.tcl] for cell 'ald_i/axi_smc/inst/s00_nodes/s00_aw_node/inst/inst_mi_handler/gen_normal_area.inst_fifo_node_payld/gen_xpm_memory_fifo.inst_fifo/gen_mem_rep[0].inst_xpm_memory'
Finished Sourcing Tcl File [/opt/Xilinx/Vivado/2018.3/data/ip/xpm/xpm_memory/tcl/xpm_memory_xdc.tcl] for cell 'ald_i/axi_smc/inst/s00_nodes/s00_aw_node/inst/inst_mi_handler/gen_normal_area.inst_fifo_node_payld/gen_xpm_memory_fifo.inst_fifo/gen_mem_rep[0].inst_xpm_memory'
Sourcing Tcl File [/opt/Xilinx/Vivado/2018.3/data/ip/xpm/xpm_memory/tcl/xpm_memory_xdc.tcl] for cell 'ald_i/axi_smc/inst/s00_nodes/s00_b_node/inst/inst_mi_handler/gen_normal_area.inst_fifo_node_payld/gen_xpm_memory_fifo.inst_fifo/gen_mem_rep[0].inst_xpm_memory'
Finished Sourcing Tcl File [/opt/Xilinx/Vivado/2018.3/data/ip/xpm/xpm_memory/tcl/xpm_memory_xdc.tcl] for cell 'ald_i/axi_smc/inst/s00_nodes/s00_b_node/inst/inst_mi_handler/gen_normal_area.inst_fifo_node_payld/gen_xpm_memory_fifo.inst_fifo/gen_mem_rep[0].inst_xpm_memory'
Sourcing Tcl File [/opt/Xilinx/Vivado/2018.3/data/ip/xpm/xpm_memory/tcl/xpm_memory_xdc.tcl] for cell 'ald_i/axi_smc/inst/s00_nodes/s00_r_node/inst/inst_mi_handler/gen_normal_area.inst_fifo_node_payld/gen_xpm_memory_fifo.inst_fifo/gen_mem_rep[0].inst_xpm_memory'
Finished Sourcing Tcl File [/opt/Xilinx/Vivado/2018.3/data/ip/xpm/xpm_memory/tcl/xpm_memory_xdc.tcl] for cell 'ald_i/axi_smc/inst/s00_nodes/s00_r_node/inst/inst_mi_handler/gen_normal_area.inst_fifo_node_payld/gen_xpm_memory_fifo.inst_fifo/gen_mem_rep[0].inst_xpm_memory'
Sourcing Tcl File [/opt/Xilinx/Vivado/2018.3/data/ip/xpm/xpm_memory/tcl/xpm_memory_xdc.tcl] for cell 'ald_i/axi_smc/inst/s00_nodes/s00_w_node/inst/inst_mi_handler/gen_normal_area.inst_fifo_node_payld/gen_xpm_memory_fifo.inst_fifo/gen_mem_rep[0].inst_xpm_memory'
Finished Sourcing Tcl File [/opt/Xilinx/Vivado/2018.3/data/ip/xpm/xpm_memory/tcl/xpm_memory_xdc.tcl] for cell 'ald_i/axi_smc/inst/s00_nodes/s00_w_node/inst/inst_mi_handler/gen_normal_area.inst_fifo_node_payld/gen_xpm_memory_fifo.inst_fifo/gen_mem_rep[0].inst_xpm_memory'
INFO: [Opt 31-138] Pushed 0 inverter(s) to 0 load pin(s).
Netlist sorting complete. Time (s): cpu = 00:00:00 ; elapsed = 00:00:00.01 . Memory (MB): peak = 2625.641 ; gain = 0.000 ; free physical = 6928 ; free virtual = 12626
INFO: [Project 1-111] Unisim Transformation Summary:
  A total of 148 instances were transformed.
  CFGLUT5 => CFGLUT5 (SRLC32E, SRL16E): 60 instances
  IOBUF => IOBUF (IBUF, OBUFT): 2 instances
  RAM32M => RAM32M (RAMD32, RAMD32, RAMD32, RAMD32, RAMD32, RAMD32, RAMS32, RAMS32): 86 instances

35 Infos, 2 Warnings, 6 Critical Warnings and 0 Errors encountered.
link_design completed successfully
link_design: Time (s): cpu = 00:00:19 ; elapsed = 00:00:19 . Memory (MB): peak = 2625.641 ; gain = 926.676 ; free physical = 6928 ; free virtual = 12627
Command: opt_design -directive RuntimeOptimized
INFO: [Vivado_Tcl 4-136] Directive used for opt_design is: RuntimeOptimized
Attempting to get a license for feature 'Implementation' and/or device 'xc7z010'
INFO: [Common 17-349] Got license for feature 'Implementation' and/or device 'xc7z010'
Running DRC as a precondition to command opt_design

Starting DRC Task
INFO: [DRC 23-27] Running DRC with 8 threads
INFO: [Project 1-461] DRC finished with 0 Errors
INFO: [Project 1-462] Please refer to the DRC report (report_drc) for more information.

Time (s): cpu = 00:00:02 ; elapsed = 00:00:01 . Memory (MB): peak = 2625.641 ; gain = 0.000 ; free physical = 6923 ; free virtual = 12622

Starting Logic Optimization Task

Phase 1 Generate And Synthesize Debug Cores
INFO: [Chipscope 16-329] Generating Script for core instance : dbg_hub 
INFO: [IP_Flow 19-3806] Processing IP xilinx.com:ip:xsdbm:3.0 for cell dbg_hub_CV.
INFO: [Chipscope 16-220] Re-using generated and synthesized IP, "xilinx.com:ip:xsdbm:3.0", from Vivado IP cache entry "4e0cba286e51229f".
Netlist sorting complete. Time (s): cpu = 00:00:00.01 ; elapsed = 00:00:00.01 . Memory (MB): peak = 2625.641 ; gain = 0.000 ; free physical = 6819 ; free virtual = 12523
Phase 1 Generate And Synthesize Debug Cores | Checksum: f5cc0ff2

Time (s): cpu = 00:00:14 ; elapsed = 00:00:13 . Memory (MB): peak = 2625.641 ; gain = 0.000 ; free physical = 6819 ; free virtual = 12522

Phase 2 Retarget
INFO: [Opt 31-138] Pushed 11 inverter(s) to 71 load pin(s).
INFO: [Opt 31-49] Retargeted 0 cell(s).
Phase 2 Retarget | Checksum: 164796674

Time (s): cpu = 00:00:16 ; elapsed = 00:00:14 . Memory (MB): peak = 2625.641 ; gain = 0.000 ; free physical = 6829 ; free virtual = 12532
INFO: [Opt 31-389] Phase Retarget created 288 cells and removed 351 cells
INFO: [Opt 31-1021] In phase Retarget, 289 netlist objects are constrained preventing optimization. Please run opt_design with -debug_log to get more detail. 

Phase 3 Constant propagation
INFO: [Opt 31-138] Pushed 1 inverter(s) to 1 load pin(s).
Phase 3 Constant propagation | Checksum: d7ef1234

Time (s): cpu = 00:00:17 ; elapsed = 00:00:15 . Memory (MB): peak = 2625.641 ; gain = 0.000 ; free physical = 6829 ; free virtual = 12532
INFO: [Opt 31-389] Phase Constant propagation created 62 cells and removed 476 cells
INFO: [Opt 31-1021] In phase Constant propagation, 499 netlist objects are constrained preventing optimization. Please run opt_design with -debug_log to get more detail. 

Phase 4 Sweep
Phase 4 Sweep | Checksum: ede368fa

Time (s): cpu = 00:00:20 ; elapsed = 00:00:18 . Memory (MB): peak = 2625.641 ; gain = 0.000 ; free physical = 6828 ; free virtual = 12531
INFO: [Opt 31-389] Phase Sweep created 0 cells and removed 2358 cells
INFO: [Opt 31-1021] In phase Sweep, 980 netlist objects are constrained preventing optimization. Please run opt_design with -debug_log to get more detail. 

Phase 5 BUFG optimization
INFO: [Opt 31-194] Inserted BUFG ald_i/clk_wiz_1/inst/clk_out1_ald_clk_wiz_0_0_BUFG_inst to drive 0 load(s) on clock net ald_i/clk_wiz_1/inst/clk_out1_ald_clk_wiz_0_0_BUFG
INFO: [Opt 31-193] Inserted 1 BUFG(s) on clock nets
Phase 5 BUFG optimization | Checksum: 13fad673e

Time (s): cpu = 00:00:20 ; elapsed = 00:00:18 . Memory (MB): peak = 2625.641 ; gain = 0.000 ; free physical = 6828 ; free virtual = 12531
INFO: [Opt 31-662] Phase BUFG optimization created 0 cells of which 0 are BUFGs and removed 0 cells.

Phase 6 Shift Register Optimization
Phase 6 Shift Register Optimization | Checksum: a3e8992c

Time (s): cpu = 00:00:21 ; elapsed = 00:00:19 . Memory (MB): peak = 2625.641 ; gain = 0.000 ; free physical = 6828 ; free virtual = 12531
INFO: [Opt 31-389] Phase Shift Register Optimization created 0 cells and removed 0 cells

Phase 7 Post Processing Netlist
Phase 7 Post Processing Netlist | Checksum: a76d38c5

Time (s): cpu = 00:00:21 ; elapsed = 00:00:19 . Memory (MB): peak = 2625.641 ; gain = 0.000 ; free physical = 6828 ; free virtual = 12531
INFO: [Opt 31-389] Phase Post Processing Netlist created 0 cells and removed 0 cells
INFO: [Opt 31-1021] In phase Post Processing Netlist, 83 netlist objects are constrained preventing optimization. Please run opt_design with -debug_log to get more detail. 
Opt_design Change Summary
=========================


-------------------------------------------------------------------------------------------------------------------------
|  Phase                        |  #Cells created  |  #Cells Removed  |  #Constrained objects preventing optimizations  |
-------------------------------------------------------------------------------------------------------------------------
|  Retarget                     |             288  |             351  |                                            289  |
|  Constant propagation         |              62  |             476  |                                            499  |
|  Sweep                        |               0  |            2358  |                                            980  |
|  BUFG optimization            |               0  |               0  |                                              0  |
|  Shift Register Optimization  |               0  |               0  |                                              0  |
|  Post Processing Netlist      |               0  |               0  |                                             83  |
-------------------------------------------------------------------------------------------------------------------------



Starting Connectivity Check Task

Time (s): cpu = 00:00:00.03 ; elapsed = 00:00:00.03 . Memory (MB): peak = 2625.641 ; gain = 0.000 ; free physical = 6828 ; free virtual = 12531
Ending Logic Optimization Task | Checksum: 1229222fe

Time (s): cpu = 00:00:21 ; elapsed = 00:00:19 . Memory (MB): peak = 2625.641 ; gain = 0.000 ; free physical = 6828 ; free virtual = 12531

Starting Netlist Obfuscation Task
Netlist sorting complete. Time (s): cpu = 00:00:00.01 ; elapsed = 00:00:00 . Memory (MB): peak = 2625.641 ; gain = 0.000 ; free physical = 6827 ; free virtual = 12530
Ending Netlist Obfuscation Task | Checksum: 1229222fe

Time (s): cpu = 00:00:00.01 ; elapsed = 00:00:00 . Memory (MB): peak = 2625.641 ; gain = 0.000 ; free physical = 6827 ; free virtual = 12530
INFO: [Common 17-83] Releasing license: Implementation
62 Infos, 2 Warnings, 6 Critical Warnings and 0 Errors encountered.
opt_design completed successfully
opt_design: Time (s): cpu = 00:00:24 ; elapsed = 00:00:22 . Memory (MB): peak = 2625.641 ; gain = 0.000 ; free physical = 6827 ; free virtual = 12530
Netlist sorting complete. Time (s): cpu = 00:00:00 ; elapsed = 00:00:00 . Memory (MB): peak = 2625.641 ; gain = 0.000 ; free physical = 6827 ; free virtual = 12530
INFO: [Timing 38-480] Writing timing data to binary archive.
Writing placer database...
Writing XDEF routing.
Writing XDEF routing logical nets.
Writing XDEF routing special nets.
Write XDEF Complete: Time (s): cpu = 00:00:00.21 ; elapsed = 00:00:00.05 . Memory (MB): peak = 2625.641 ; gain = 0.000 ; free physical = 6815 ; free virtual = 12521
Netlist sorting complete. Time (s): cpu = 00:00:00 ; elapsed = 00:00:00.01 . Memory (MB): peak = 2625.641 ; gain = 0.000 ; free physical = 6820 ; free virtual = 12527
INFO: [Common 17-1381] The checkpoint '/home/lsriw/PSRA/DG/lab6/ald/ald.runs/impl_2/ald_wrapper_opt.dcp' has been generated.
INFO: [runtcl-4] Executing : report_drc -file ald_wrapper_drc_opted.rpt -pb ald_wrapper_drc_opted.pb -rpx ald_wrapper_drc_opted.rpx
Command: report_drc -file ald_wrapper_drc_opted.rpt -pb ald_wrapper_drc_opted.pb -rpx ald_wrapper_drc_opted.rpx
INFO: [IP_Flow 19-1839] IP Catalog is up to date.
INFO: [DRC 23-27] Running DRC with 8 threads
WARNING: [Designutils 20-3303] unexpected site type 'IOPAD' in HDPYFinalizeIO
WARNING: [Designutils 20-3303] unexpected site type 'IOPAD' in HDPYFinalizeIO
WARNING: [Designutils 20-3303] unexpected site type 'IOPAD' in HDPYFinalizeIO
WARNING: [Designutils 20-3303] unexpected site type 'IOPAD' in HDPYFinalizeIO
WARNING: [Designutils 20-3303] unexpected site type 'IOPAD' in HDPYFinalizeIO
WARNING: [Designutils 20-3303] unexpected site type 'IOPAD' in HDPYFinalizeIO
WARNING: [Designutils 20-3303] unexpected site type 'IOPAD' in HDPYFinalizeIO
WARNING: [Designutils 20-3303] unexpected site type 'IOPAD' in HDPYFinalizeIO
WARNING: [Designutils 20-3303] unexpected site type 'IOPAD' in HDPYFinalizeIO
WARNING: [Designutils 20-3303] unexpected site type 'IOPAD' in HDPYFinalizeIO
WARNING: [Designutils 20-3303] unexpected site type 'IOPAD' in HDPYFinalizeIO
WARNING: [Designutils 20-3303] unexpected site type 'IOPAD' in HDPYFinalizeIO
WARNING: [Designutils 20-3303] unexpected site type 'IOPAD' in HDPYFinalizeIO
WARNING: [Designutils 20-3303] unexpected site type 'IOPAD' in HDPYFinalizeIO
WARNING: [Designutils 20-3303] unexpected site type 'IOPAD' in HDPYFinalizeIO
WARNING: [Designutils 20-3303] unexpected site type 'IOPAD' in HDPYFinalizeIO
WARNING: [Designutils 20-3303] unexpected site type 'IOPAD' in HDPYFinalizeIO
WARNING: [Designutils 20-3303] unexpected site type 'IOPAD' in HDPYFinalizeIO
WARNING: [Designutils 20-3303] unexpected site type 'IOPAD' in HDPYFinalizeIO
WARNING: [Designutils 20-3303] unexpected site type 'IOPAD' in HDPYFinalizeIO
WARNING: [Designutils 20-3303] unexpected site type 'IOPAD' in HDPYFinalizeIO
WARNING: [Designutils 20-3303] unexpected site type 'IOPAD' in HDPYFinalizeIO
WARNING: [Designutils 20-3303] unexpected site type 'IOPAD' in HDPYFinalizeIO
WARNING: [Designutils 20-3303] unexpected site type 'IOPAD' in HDPYFinalizeIO
WARNING: [Designutils 20-3303] unexpected site type 'IOPAD' in HDPYFinalizeIO
WARNING: [Designutils 20-3303] unexpected site type 'IOPAD' in HDPYFinalizeIO
WARNING: [Designutils 20-3303] unexpected site type 'IOPAD' in HDPYFinalizeIO
WARNING: [Designutils 20-3303] unexpected site type 'IOPAD' in HDPYFinalizeIO
WARNING: [Designutils 20-3303] unexpected site type 'IOPAD' in HDPYFinalizeIO
WARNING: [Designutils 20-3303] unexpected site type 'IOPAD' in HDPYFinalizeIO
WARNING: [Designutils 20-3303] unexpected site type 'IOPAD' in HDPYFinalizeIO
WARNING: [Designutils 20-3303] unexpected site type 'IOPAD' in HDPYFinalizeIO
WARNING: [Designutils 20-3303] unexpected site type 'IOPAD' in HDPYFinalizeIO
WARNING: [Designutils 20-3303] unexpected site type 'IOPAD' in HDPYFinalizeIO
WARNING: [Designutils 20-3303] unexpected site type 'IOPAD' in HDPYFinalizeIO
WARNING: [Designutils 20-3303] unexpected site type 'IOPAD' in HDPYFinalizeIO
WARNING: [Designutils 20-3303] unexpected site type 'IOPAD' in HDPYFinalizeIO
WARNING: [Designutils 20-3303] unexpected site type 'IOPAD' in HDPYFinalizeIO
WARNING: [Designutils 20-3303] unexpected site type 'IOPAD' in HDPYFinalizeIO
WARNING: [Designutils 20-3303] unexpected site type 'IOPAD' in HDPYFinalizeIO
WARNING: [Designutils 20-3303] unexpected site type 'IOPAD' in HDPYFinalizeIO
WARNING: [Designutils 20-3303] unexpected site type 'IOPAD' in HDPYFinalizeIO
WARNING: [Designutils 20-3303] unexpected site type 'IOPAD' in HDPYFinalizeIO
WARNING: [Designutils 20-3303] unexpected site type 'IOPAD' in HDPYFinalizeIO
WARNING: [Designutils 20-3303] unexpected site type 'IOPAD' in HDPYFinalizeIO
WARNING: [Designutils 20-3303] unexpected site type 'IOPAD' in HDPYFinalizeIO
WARNING: [Designutils 20-3303] unexpected site type 'IOPAD' in HDPYFinalizeIO
WARNING: [Designutils 20-3303] unexpected site type 'IOPAD' in HDPYFinalizeIO
WARNING: [Designutils 20-3303] unexpected site type 'IOPAD' in HDPYFinalizeIO
WARNING: [Designutils 20-3303] unexpected site type 'IOPAD' in HDPYFinalizeIO
WARNING: [Designutils 20-3303] unexpected site type 'IOPAD' in HDPYFinalizeIO
WARNING: [Designutils 20-3303] unexpected site type 'IOPAD' in HDPYFinalizeIO
WARNING: [Designutils 20-3303] unexpected site type 'IOPAD' in HDPYFinalizeIO
WARNING: [Designutils 20-3303] unexpected site type 'IOPAD' in HDPYFinalizeIO
WARNING: [Designutils 20-3303] unexpected site type 'IOPAD' in HDPYFinalizeIO
WARNING: [Designutils 20-3303] unexpected site type 'IOPAD' in HDPYFinalizeIO
WARNING: [Designutils 20-3303] unexpected site type 'IOPAD' in HDPYFinalizeIO
WARNING: [Designutils 20-3303] unexpected site type 'IOPAD' in HDPYFinalizeIO
WARNING: [Designutils 20-3303] unexpected site type 'IOPAD' in HDPYFinalizeIO
WARNING: [Designutils 20-3303] unexpected site type 'IOPAD' in HDPYFinalizeIO
WARNING: [Designutils 20-3303] unexpected site type 'IOPAD' in HDPYFinalizeIO
WARNING: [Designutils 20-3303] unexpected site type 'IOPAD' in HDPYFinalizeIO
WARNING: [Designutils 20-3303] unexpected site type 'IOPAD' in HDPYFinalizeIO
WARNING: [Designutils 20-3303] unexpected site type 'IOPAD' in HDPYFinalizeIO
WARNING: [Designutils 20-3303] unexpected site type 'IOPAD' in HDPYFinalizeIO
WARNING: [Designutils 20-3303] unexpected site type 'IOPAD' in HDPYFinalizeIO
WARNING: [Designutils 20-3303] unexpected site type 'IOPAD' in HDPYFinalizeIO
WARNING: [Designutils 20-3303] unexpected site type 'IOPAD' in HDPYFinalizeIO
WARNING: [Designutils 20-3303] unexpected site type 'IOPAD' in HDPYFinalizeIO
WARNING: [Designutils 20-3303] unexpected site type 'IOPAD' in HDPYFinalizeIO
WARNING: [Designutils 20-3303] unexpected site type 'IOPAD' in HDPYFinalizeIO
WARNING: [Designutils 20-3303] unexpected site type 'IOPAD' in HDPYFinalizeIO
WARNING: [Designutils 20-3303] unexpected site type 'IOPAD' in HDPYFinalizeIO
WARNING: [Designutils 20-3303] unexpected site type 'IOPAD' in HDPYFinalizeIO
WARNING: [Designutils 20-3303] unexpected site type 'IOPAD' in HDPYFinalizeIO
WARNING: [Designutils 20-3303] unexpected site type 'IOPAD' in HDPYFinalizeIO
WARNING: [Designutils 20-3303] unexpected site type 'IOPAD' in HDPYFinalizeIO
WARNING: [Designutils 20-3303] unexpected site type 'IOPAD' in HDPYFinalizeIO
WARNING: [Designutils 20-3303] unexpected site type 'IOPAD' in HDPYFinalizeIO
WARNING: [Designutils 20-3303] unexpected site type 'IOPAD' in HDPYFinalizeIO
WARNING: [Designutils 20-3303] unexpected site type 'IOPAD' in HDPYFinalizeIO
WARNING: [Designutils 20-3303] unexpected site type 'IOPAD' in HDPYFinalizeIO
WARNING: [Designutils 20-3303] unexpected site type 'IOPAD' in HDPYFinalizeIO
WARNING: [Designutils 20-3303] unexpected site type 'IOPAD' in HDPYFinalizeIO
WARNING: [Designutils 20-3303] unexpected site type 'IOPAD' in HDPYFinalizeIO
WARNING: [Designutils 20-3303] unexpected site type 'IOPAD' in HDPYFinalizeIO
WARNING: [Designutils 20-3303] unexpected site type 'IOPAD' in HDPYFinalizeIO
WARNING: [Designutils 20-3303] unexpected site type 'IOPAD' in HDPYFinalizeIO
WARNING: [Designutils 20-3303] unexpected site type 'IOPAD' in HDPYFinalizeIO
WARNING: [Designutils 20-3303] unexpected site type 'IOPAD' in HDPYFinalizeIO
WARNING: [Designutils 20-3303] unexpected site type 'IOPAD' in HDPYFinalizeIO
WARNING: [Designutils 20-3303] unexpected site type 'IOPAD' in HDPYFinalizeIO
WARNING: [Designutils 20-3303] unexpected site type 'IOPAD' in HDPYFinalizeIO
WARNING: [Designutils 20-3303] unexpected site type 'IOPAD' in HDPYFinalizeIO
WARNING: [Designutils 20-3303] unexpected site type 'IOPAD' in HDPYFinalizeIO
WARNING: [Designutils 20-3303] unexpected site type 'IOPAD' in HDPYFinalizeIO
WARNING: [Designutils 20-3303] unexpected site type 'IOPAD' in HDPYFinalizeIO
WARNING: [Designutils 20-3303] unexpected site type 'IOPAD' in HDPYFinalizeIO
WARNING: [Designutils 20-3303] unexpected site type 'IOPAD' in HDPYFinalizeIO
WARNING: [Designutils 20-3303] unexpected site type 'IOPAD' in HDPYFinalizeIO
INFO: [Common 17-14] Message 'Designutils 20-3303' appears 100 times and further instances of the messages will be disabled. Use the Tcl command set_msg_config to change the current settings.
INFO: [Coretcl 2-168] The results of DRC are in file /home/lsriw/PSRA/DG/lab6/ald/ald.runs/impl_2/ald_wrapper_drc_opted.rpt.
report_drc completed successfully
INFO: [Chipscope 16-240] Debug cores have already been implemented
Command: place_design -directive Quick
Attempting to get a license for feature 'Implementation' and/or device 'xc7z010'
INFO: [Common 17-349] Got license for feature 'Implementation' and/or device 'xc7z010'
INFO: [DRC 23-27] Running DRC with 8 threads
INFO: [Vivado_Tcl 4-198] DRC finished with 0 Errors
INFO: [Vivado_Tcl 4-199] Please refer to the DRC report (report_drc) for more information.
Running DRC as a precondition to command place_design
INFO: [DRC 23-27] Running DRC with 8 threads
INFO: [Vivado_Tcl 4-198] DRC finished with 0 Errors
INFO: [Vivado_Tcl 4-199] Please refer to the DRC report (report_drc) for more information.

Starting Placer Task
INFO: [Place 46-5] The placer was invoked with the 'Quick' directive.
INFO: [Place 30-611] Multithreading enabled for place_design using a maximum of 8 CPUs

Phase 1 Placer Initialization

Phase 1.1 Placer Initialization Netlist Sorting
Netlist sorting complete. Time (s): cpu = 00:00:00 ; elapsed = 00:00:00.01 . Memory (MB): peak = 2625.641 ; gain = 0.000 ; free physical = 6806 ; free virtual = 12513
Phase 1.1 Placer Initialization Netlist Sorting | Checksum: 461be81f

Time (s): cpu = 00:00:00.02 ; elapsed = 00:00:00.04 . Memory (MB): peak = 2625.641 ; gain = 0.000 ; free physical = 6806 ; free virtual = 12513
Netlist sorting complete. Time (s): cpu = 00:00:00 ; elapsed = 00:00:00.01 . Memory (MB): peak = 2625.641 ; gain = 0.000 ; free physical = 6806 ; free virtual = 12513

Phase 1.2 IO Placement/ Clock Placement/ Build Placer Device
Phase 1.2 IO Placement/ Clock Placement/ Build Placer Device | Checksum: 1869994c2

Time (s): cpu = 00:00:03 ; elapsed = 00:00:02 . Memory (MB): peak = 2625.641 ; gain = 0.000 ; free physical = 6804 ; free virtual = 12512

Phase 1.3 Build Placer Netlist Model
WARNING: [Designutils 20-3303] unexpected site type 'IOPAD' in HDPYFinalizeIO
WARNING: [Designutils 20-3303] unexpected site type 'IOPAD' in HDPYFinalizeIO
WARNING: [Designutils 20-3303] unexpected site type 'IOPAD' in HDPYFinalizeIO
WARNING: [Designutils 20-3303] unexpected site type 'IOPAD' in HDPYFinalizeIO
WARNING: [Designutils 20-3303] unexpected site type 'IOPAD' in HDPYFinalizeIO
WARNING: [Designutils 20-3303] unexpected site type 'IOPAD' in HDPYFinalizeIO
WARNING: [Designutils 20-3303] unexpected site type 'IOPAD' in HDPYFinalizeIO
WARNING: [Designutils 20-3303] unexpected site type 'IOPAD' in HDPYFinalizeIO
WARNING: [Designutils 20-3303] unexpected site type 'IOPAD' in HDPYFinalizeIO
WARNING: [Designutils 20-3303] unexpected site type 'IOPAD' in HDPYFinalizeIO
WARNING: [Designutils 20-3303] unexpected site type 'IOPAD' in HDPYFinalizeIO
WARNING: [Designutils 20-3303] unexpected site type 'IOPAD' in HDPYFinalizeIO
WARNING: [Designutils 20-3303] unexpected site type 'IOPAD' in HDPYFinalizeIO
WARNING: [Designutils 20-3303] unexpected site type 'IOPAD' in HDPYFinalizeIO
WARNING: [Designutils 20-3303] unexpected site type 'IOPAD' in HDPYFinalizeIO
WARNING: [Designutils 20-3303] unexpected site type 'IOPAD' in HDPYFinalizeIO
WARNING: [Designutils 20-3303] unexpected site type 'IOPAD' in HDPYFinalizeIO
WARNING: [Designutils 20-3303] unexpected site type 'IOPAD' in HDPYFinalizeIO
WARNING: [Designutils 20-3303] unexpected site type 'IOPAD' in HDPYFinalizeIO
WARNING: [Designutils 20-3303] unexpected site type 'IOPAD' in HDPYFinalizeIO
WARNING: [Designutils 20-3303] unexpected site type 'IOPAD' in HDPYFinalizeIO
WARNING: [Designutils 20-3303] unexpected site type 'IOPAD' in HDPYFinalizeIO
WARNING: [Designutils 20-3303] unexpected site type 'IOPAD' in HDPYFinalizeIO
WARNING: [Designutils 20-3303] unexpected site type 'IOPAD' in HDPYFinalizeIO
WARNING: [Designutils 20-3303] unexpected site type 'IOPAD' in HDPYFinalizeIO
WARNING: [Designutils 20-3303] unexpected site type 'IOPAD' in HDPYFinalizeIO
WARNING: [Designutils 20-3303] unexpected site type 'IOPAD' in HDPYFinalizeIO
WARNING: [Designutils 20-3303] unexpected site type 'IOPAD' in HDPYFinalizeIO
WARNING: [Designutils 20-3303] unexpected site type 'IOPAD' in HDPYFinalizeIO
WARNING: [Designutils 20-3303] unexpected site type 'IOPAD' in HDPYFinalizeIO
WARNING: [Designutils 20-3303] unexpected site type 'IOPAD' in HDPYFinalizeIO
WARNING: [Designutils 20-3303] unexpected site type 'IOPAD' in HDPYFinalizeIO
WARNING: [Designutils 20-3303] unexpected site type 'IOPAD' in HDPYFinalizeIO
WARNING: [Designutils 20-3303] unexpected site type 'IOPAD' in HDPYFinalizeIO
WARNING: [Designutils 20-3303] unexpected site type 'IOPAD' in HDPYFinalizeIO
WARNING: [Designutils 20-3303] unexpected site type 'IOPAD' in HDPYFinalizeIO
WARNING: [Designutils 20-3303] unexpected site type 'IOPAD' in HDPYFinalizeIO
WARNING: [Designutils 20-3303] unexpected site type 'IOPAD' in HDPYFinalizeIO
WARNING: [Designutils 20-3303] unexpected site type 'IOPAD' in HDPYFinalizeIO
WARNING: [Designutils 20-3303] unexpected site type 'IOPAD' in HDPYFinalizeIO
WARNING: [Designutils 20-3303] unexpected site type 'IOPAD' in HDPYFinalizeIO
WARNING: [Designutils 20-3303] unexpected site type 'IOPAD' in HDPYFinalizeIO
WARNING: [Designutils 20-3303] unexpected site type 'IOPAD' in HDPYFinalizeIO
WARNING: [Designutils 20-3303] unexpected site type 'IOPAD' in HDPYFinalizeIO
WARNING: [Designutils 20-3303] unexpected site type 'IOPAD' in HDPYFinalizeIO
WARNING: [Designutils 20-3303] unexpected site type 'IOPAD' in HDPYFinalizeIO
WARNING: [Designutils 20-3303] unexpected site type 'IOPAD' in HDPYFinalizeIO
WARNING: [Designutils 20-3303] unexpected site type 'IOPAD' in HDPYFinalizeIO
WARNING: [Designutils 20-3303] unexpected site type 'IOPAD' in HDPYFinalizeIO
WARNING: [Designutils 20-3303] unexpected site type 'IOPAD' in HDPYFinalizeIO
WARNING: [Designutils 20-3303] unexpected site type 'IOPAD' in HDPYFinalizeIO
WARNING: [Designutils 20-3303] unexpected site type 'IOPAD' in HDPYFinalizeIO
WARNING: [Designutils 20-3303] unexpected site type 'IOPAD' in HDPYFinalizeIO
WARNING: [Designutils 20-3303] unexpected site type 'IOPAD' in HDPYFinalizeIO
WARNING: [Designutils 20-3303] unexpected site type 'IOPAD' in HDPYFinalizeIO
WARNING: [Designutils 20-3303] unexpected site type 'IOPAD' in HDPYFinalizeIO
WARNING: [Designutils 20-3303] unexpected site type 'IOPAD' in HDPYFinalizeIO
WARNING: [Designutils 20-3303] unexpected site type 'IOPAD' in HDPYFinalizeIO
WARNING: [Designutils 20-3303] unexpected site type 'IOPAD' in HDPYFinalizeIO
WARNING: [Designutils 20-3303] unexpected site type 'IOPAD' in HDPYFinalizeIO
WARNING: [Designutils 20-3303] unexpected site type 'IOPAD' in HDPYFinalizeIO
WARNING: [Designutils 20-3303] unexpected site type 'IOPAD' in HDPYFinalizeIO
WARNING: [Designutils 20-3303] unexpected site type 'IOPAD' in HDPYFinalizeIO
WARNING: [Designutils 20-3303] unexpected site type 'IOPAD' in HDPYFinalizeIO
WARNING: [Designutils 20-3303] unexpected site type 'IOPAD' in HDPYFinalizeIO
WARNING: [Designutils 20-3303] unexpected site type 'IOPAD' in HDPYFinalizeIO
WARNING: [Designutils 20-3303] unexpected site type 'IOPAD' in HDPYFinalizeIO
WARNING: [Designutils 20-3303] unexpected site type 'IOPAD' in HDPYFinalizeIO
WARNING: [Designutils 20-3303] unexpected site type 'IOPAD' in HDPYFinalizeIO
WARNING: [Designutils 20-3303] unexpected site type 'IOPAD' in HDPYFinalizeIO
WARNING: [Designutils 20-3303] unexpected site type 'IOPAD' in HDPYFinalizeIO
WARNING: [Designutils 20-3303] unexpected site type 'IOPAD' in HDPYFinalizeIO
WARNING: [Designutils 20-3303] unexpected site type 'IOPAD' in HDPYFinalizeIO
WARNING: [Designutils 20-3303] unexpected site type 'IOPAD' in HDPYFinalizeIO
WARNING: [Designutils 20-3303] unexpected site type 'IOPAD' in HDPYFinalizeIO
WARNING: [Designutils 20-3303] unexpected site type 'IOPAD' in HDPYFinalizeIO
WARNING: [Designutils 20-3303] unexpected site type 'IOPAD' in HDPYFinalizeIO
WARNING: [Designutils 20-3303] unexpected site type 'IOPAD' in HDPYFinalizeIO
WARNING: [Designutils 20-3303] unexpected site type 'IOPAD' in HDPYFinalizeIO
WARNING: [Designutils 20-3303] unexpected site type 'IOPAD' in HDPYFinalizeIO
WARNING: [Designutils 20-3303] unexpected site type 'IOPAD' in HDPYFinalizeIO
WARNING: [Designutils 20-3303] unexpected site type 'IOPAD' in HDPYFinalizeIO
WARNING: [Designutils 20-3303] unexpected site type 'IOPAD' in HDPYFinalizeIO
WARNING: [Designutils 20-3303] unexpected site type 'IOPAD' in HDPYFinalizeIO
WARNING: [Designutils 20-3303] unexpected site type 'IOPAD' in HDPYFinalizeIO
WARNING: [Designutils 20-3303] unexpected site type 'IOPAD' in HDPYFinalizeIO
WARNING: [Designutils 20-3303] unexpected site type 'IOPAD' in HDPYFinalizeIO
WARNING: [Designutils 20-3303] unexpected site type 'IOPAD' in HDPYFinalizeIO
WARNING: [Designutils 20-3303] unexpected site type 'IOPAD' in HDPYFinalizeIO
WARNING: [Designutils 20-3303] unexpected site type 'IOPAD' in HDPYFinalizeIO
WARNING: [Designutils 20-3303] unexpected site type 'IOPAD' in HDPYFinalizeIO
WARNING: [Designutils 20-3303] unexpected site type 'IOPAD' in HDPYFinalizeIO
WARNING: [Designutils 20-3303] unexpected site type 'IOPAD' in HDPYFinalizeIO
WARNING: [Designutils 20-3303] unexpected site type 'IOPAD' in HDPYFinalizeIO
WARNING: [Designutils 20-3303] unexpected site type 'IOPAD' in HDPYFinalizeIO
WARNING: [Designutils 20-3303] unexpected site type 'IOPAD' in HDPYFinalizeIO
WARNING: [Designutils 20-3303] unexpected site type 'IOPAD' in HDPYFinalizeIO
WARNING: [Designutils 20-3303] unexpected site type 'IOPAD' in HDPYFinalizeIO
WARNING: [Designutils 20-3303] unexpected site type 'IOPAD' in HDPYFinalizeIO
WARNING: [Designutils 20-3303] unexpected site type 'IOPAD' in HDPYFinalizeIO
INFO: [Common 17-14] Message 'Designutils 20-3303' appears 100 times and further instances of the messages will be disabled. Use the Tcl command set_msg_config to change the current settings.
Phase 1.3 Build Placer Netlist Model | Checksum: ed1c2ed5

Time (s): cpu = 00:00:04 ; elapsed = 00:00:03 . Memory (MB): peak = 2625.641 ; gain = 0.000 ; free physical = 6799 ; free virtual = 12507

Phase 1.4 Constrain Clocks/Macros
Phase 1.4 Constrain Clocks/Macros | Checksum: ed1c2ed5

Time (s): cpu = 00:00:04 ; elapsed = 00:00:03 . Memory (MB): peak = 2625.641 ; gain = 0.000 ; free physical = 6799 ; free virtual = 12507
Phase 1 Placer Initialization | Checksum: ed1c2ed5

Time (s): cpu = 00:00:04 ; elapsed = 00:00:03 . Memory (MB): peak = 2625.641 ; gain = 0.000 ; free physical = 6799 ; free virtual = 12507

Phase 2 Global Placement

Phase 2.1 Floorplanning
Phase 2.1 Floorplanning | Checksum: 1bfbb99ac

Time (s): cpu = 00:00:04 ; elapsed = 00:00:03 . Memory (MB): peak = 2625.641 ; gain = 0.000 ; free physical = 6797 ; free virtual = 12504
Phase 2 Global Placement | Checksum: 8fcaec3e

Time (s): cpu = 00:00:12 ; elapsed = 00:00:07 . Memory (MB): peak = 2625.641 ; gain = 0.000 ; free physical = 6788 ; free virtual = 12495

Phase 3 Detail Placement

Phase 3.1 Commit Multi Column Macros
Phase 3.1 Commit Multi Column Macros | Checksum: 8fcaec3e

Time (s): cpu = 00:00:12 ; elapsed = 00:00:07 . Memory (MB): peak = 2625.641 ; gain = 0.000 ; free physical = 6788 ; free virtual = 12495

Phase 3.2 Commit Most Macros & LUTRAMs
Phase 3.2 Commit Most Macros & LUTRAMs | Checksum: 1070510d3

Time (s): cpu = 00:00:13 ; elapsed = 00:00:08 . Memory (MB): peak = 2625.641 ; gain = 0.000 ; free physical = 6787 ; free virtual = 12495

Phase 3.3 Area Swap Optimization
Phase 3.3 Area Swap Optimization | Checksum: 1d3257e4a

Time (s): cpu = 00:00:13 ; elapsed = 00:00:08 . Memory (MB): peak = 2625.641 ; gain = 0.000 ; free physical = 6787 ; free virtual = 12495

Phase 3.4 Pipeline Register Optimization
Phase 3.4 Pipeline Register Optimization | Checksum: f7cb92be

Time (s): cpu = 00:00:13 ; elapsed = 00:00:08 . Memory (MB): peak = 2625.641 ; gain = 0.000 ; free physical = 6787 ; free virtual = 12495

Phase 3.5 Small Shape Detail Placement
Phase 3.5 Small Shape Detail Placement | Checksum: a1ca36d4

Time (s): cpu = 00:00:16 ; elapsed = 00:00:11 . Memory (MB): peak = 2625.641 ; gain = 0.000 ; free physical = 6774 ; free virtual = 12481

Phase 3.6 Re-assign LUT pins
Phase 3.6 Re-assign LUT pins | Checksum: a1ca36d4

Time (s): cpu = 00:00:17 ; elapsed = 00:00:11 . Memory (MB): peak = 2625.641 ; gain = 0.000 ; free physical = 6774 ; free virtual = 12481

Phase 3.7 Pipeline Register Optimization
Phase 3.7 Pipeline Register Optimization | Checksum: 1041fc81a

Time (s): cpu = 00:00:17 ; elapsed = 00:00:11 . Memory (MB): peak = 2625.641 ; gain = 0.000 ; free physical = 6774 ; free virtual = 12481
Phase 3 Detail Placement | Checksum: 1041fc81a

Time (s): cpu = 00:00:17 ; elapsed = 00:00:11 . Memory (MB): peak = 2625.641 ; gain = 0.000 ; free physical = 6774 ; free virtual = 12482

Phase 4 Post Placement Optimization and Clean-Up

Phase 4.1 Post Commit Optimization
Phase 4.1 Post Commit Optimization | Checksum: 1041fc81a

Time (s): cpu = 00:00:17 ; elapsed = 00:00:11 . Memory (MB): peak = 2625.641 ; gain = 0.000 ; free physical = 6774 ; free virtual = 12482

Phase 4.2 Post Placement Cleanup
Phase 4.2 Post Placement Cleanup | Checksum: 1041fc81a

Time (s): cpu = 00:00:17 ; elapsed = 00:00:11 . Memory (MB): peak = 2625.641 ; gain = 0.000 ; free physical = 6774 ; free virtual = 12482

Phase 4.3 Placer Reporting
Phase 4.3 Placer Reporting | Checksum: 1041fc81a

Time (s): cpu = 00:00:17 ; elapsed = 00:00:12 . Memory (MB): peak = 2625.641 ; gain = 0.000 ; free physical = 6774 ; free virtual = 12482

Phase 4.4 Final Placement Cleanup
Netlist sorting complete. Time (s): cpu = 00:00:00 ; elapsed = 00:00:00 . Memory (MB): peak = 2625.641 ; gain = 0.000 ; free physical = 6775 ; free virtual = 12482
Phase 4.4 Final Placement Cleanup | Checksum: 1cfdfab2c

Time (s): cpu = 00:00:17 ; elapsed = 00:00:12 . Memory (MB): peak = 2625.641 ; gain = 0.000 ; free physical = 6775 ; free virtual = 12482
Phase 4 Post Placement Optimization and Clean-Up | Checksum: 1cfdfab2c

Time (s): cpu = 00:00:17 ; elapsed = 00:00:12 . Memory (MB): peak = 2625.641 ; gain = 0.000 ; free physical = 6775 ; free virtual = 12482
Ending Placer Task | Checksum: 19d37581b

Time (s): cpu = 00:00:17 ; elapsed = 00:00:12 . Memory (MB): peak = 2625.641 ; gain = 0.000 ; free physical = 6785 ; free virtual = 12492
INFO: [Common 17-83] Releasing license: Implementation
81 Infos, 202 Warnings, 6 Critical Warnings and 0 Errors encountered.
place_design completed successfully
place_design: Time (s): cpu = 00:00:20 ; elapsed = 00:00:13 . Memory (MB): peak = 2625.641 ; gain = 0.000 ; free physical = 6785 ; free virtual = 12492
Netlist sorting complete. Time (s): cpu = 00:00:00 ; elapsed = 00:00:00 . Memory (MB): peak = 2625.641 ; gain = 0.000 ; free physical = 6785 ; free virtual = 12492
INFO: [Timing 38-480] Writing timing data to binary archive.
Writing placer database...
Netlist sorting complete. Time (s): cpu = 00:00:00.02 ; elapsed = 00:00:00 . Memory (MB): peak = 2625.641 ; gain = 0.000 ; free physical = 6775 ; free virtual = 12486
Writing XDEF routing.
Writing XDEF routing logical nets.
Writing XDEF routing special nets.
Write XDEF Complete: Time (s): cpu = 00:00:02 ; elapsed = 00:00:00.76 . Memory (MB): peak = 2625.641 ; gain = 0.000 ; free physical = 6757 ; free virtual = 12483
INFO: [Common 17-1381] The checkpoint '/home/lsriw/PSRA/DG/lab6/ald/ald.runs/impl_2/ald_wrapper_placed.dcp' has been generated.
INFO: [runtcl-4] Executing : report_io -file ald_wrapper_io_placed.rpt
report_io: Time (s): cpu = 00:00:00.14 ; elapsed = 00:00:00.19 . Memory (MB): peak = 2625.641 ; gain = 0.000 ; free physical = 6765 ; free virtual = 12478
INFO: [runtcl-4] Executing : report_utilization -file ald_wrapper_utilization_placed.rpt -pb ald_wrapper_utilization_placed.pb
INFO: [runtcl-4] Executing : report_control_sets -verbose -file ald_wrapper_control_sets_placed.rpt
report_control_sets: Time (s): cpu = 00:00:00.12 ; elapsed = 00:00:00.16 . Memory (MB): peak = 2625.641 ; gain = 0.000 ; free physical = 6773 ; free virtual = 12486
Command: route_design -directive Quick
Attempting to get a license for feature 'Implementation' and/or device 'xc7z010'
INFO: [Common 17-349] Got license for feature 'Implementation' and/or device 'xc7z010'
Running DRC as a precondition to command route_design
INFO: [DRC 23-27] Running DRC with 8 threads
WARNING: [Designutils 20-3303] unexpected site type 'IOPAD' in HDPYFinalizeIO
WARNING: [Designutils 20-3303] unexpected site type 'IOPAD' in HDPYFinalizeIO
WARNING: [Designutils 20-3303] unexpected site type 'IOPAD' in HDPYFinalizeIO
WARNING: [Designutils 20-3303] unexpected site type 'IOPAD' in HDPYFinalizeIO
WARNING: [Designutils 20-3303] unexpected site type 'IOPAD' in HDPYFinalizeIO
WARNING: [Designutils 20-3303] unexpected site type 'IOPAD' in HDPYFinalizeIO
WARNING: [Designutils 20-3303] unexpected site type 'IOPAD' in HDPYFinalizeIO
WARNING: [Designutils 20-3303] unexpected site type 'IOPAD' in HDPYFinalizeIO
WARNING: [Designutils 20-3303] unexpected site type 'IOPAD' in HDPYFinalizeIO
WARNING: [Designutils 20-3303] unexpected site type 'IOPAD' in HDPYFinalizeIO
WARNING: [Designutils 20-3303] unexpected site type 'IOPAD' in HDPYFinalizeIO
WARNING: [Designutils 20-3303] unexpected site type 'IOPAD' in HDPYFinalizeIO
WARNING: [Designutils 20-3303] unexpected site type 'IOPAD' in HDPYFinalizeIO
WARNING: [Designutils 20-3303] unexpected site type 'IOPAD' in HDPYFinalizeIO
WARNING: [Designutils 20-3303] unexpected site type 'IOPAD' in HDPYFinalizeIO
WARNING: [Designutils 20-3303] unexpected site type 'IOPAD' in HDPYFinalizeIO
WARNING: [Designutils 20-3303] unexpected site type 'IOPAD' in HDPYFinalizeIO
WARNING: [Designutils 20-3303] unexpected site type 'IOPAD' in HDPYFinalizeIO
WARNING: [Designutils 20-3303] unexpected site type 'IOPAD' in HDPYFinalizeIO
WARNING: [Designutils 20-3303] unexpected site type 'IOPAD' in HDPYFinalizeIO
WARNING: [Designutils 20-3303] unexpected site type 'IOPAD' in HDPYFinalizeIO
WARNING: [Designutils 20-3303] unexpected site type 'IOPAD' in HDPYFinalizeIO
WARNING: [Designutils 20-3303] unexpected site type 'IOPAD' in HDPYFinalizeIO
WARNING: [Designutils 20-3303] unexpected site type 'IOPAD' in HDPYFinalizeIO
WARNING: [Designutils 20-3303] unexpected site type 'IOPAD' in HDPYFinalizeIO
WARNING: [Designutils 20-3303] unexpected site type 'IOPAD' in HDPYFinalizeIO
WARNING: [Designutils 20-3303] unexpected site type 'IOPAD' in HDPYFinalizeIO
WARNING: [Designutils 20-3303] unexpected site type 'IOPAD' in HDPYFinalizeIO
WARNING: [Designutils 20-3303] unexpected site type 'IOPAD' in HDPYFinalizeIO
WARNING: [Designutils 20-3303] unexpected site type 'IOPAD' in HDPYFinalizeIO
WARNING: [Designutils 20-3303] unexpected site type 'IOPAD' in HDPYFinalizeIO
WARNING: [Designutils 20-3303] unexpected site type 'IOPAD' in HDPYFinalizeIO
WARNING: [Designutils 20-3303] unexpected site type 'IOPAD' in HDPYFinalizeIO
WARNING: [Designutils 20-3303] unexpected site type 'IOPAD' in HDPYFinalizeIO
WARNING: [Designutils 20-3303] unexpected site type 'IOPAD' in HDPYFinalizeIO
WARNING: [Designutils 20-3303] unexpected site type 'IOPAD' in HDPYFinalizeIO
WARNING: [Designutils 20-3303] unexpected site type 'IOPAD' in HDPYFinalizeIO
WARNING: [Designutils 20-3303] unexpected site type 'IOPAD' in HDPYFinalizeIO
WARNING: [Designutils 20-3303] unexpected site type 'IOPAD' in HDPYFinalizeIO
WARNING: [Designutils 20-3303] unexpected site type 'IOPAD' in HDPYFinalizeIO
WARNING: [Designutils 20-3303] unexpected site type 'IOPAD' in HDPYFinalizeIO
WARNING: [Designutils 20-3303] unexpected site type 'IOPAD' in HDPYFinalizeIO
WARNING: [Designutils 20-3303] unexpected site type 'IOPAD' in HDPYFinalizeIO
WARNING: [Designutils 20-3303] unexpected site type 'IOPAD' in HDPYFinalizeIO
WARNING: [Designutils 20-3303] unexpected site type 'IOPAD' in HDPYFinalizeIO
WARNING: [Designutils 20-3303] unexpected site type 'IOPAD' in HDPYFinalizeIO
WARNING: [Designutils 20-3303] unexpected site type 'IOPAD' in HDPYFinalizeIO
WARNING: [Designutils 20-3303] unexpected site type 'IOPAD' in HDPYFinalizeIO
WARNING: [Designutils 20-3303] unexpected site type 'IOPAD' in HDPYFinalizeIO
WARNING: [Designutils 20-3303] unexpected site type 'IOPAD' in HDPYFinalizeIO
WARNING: [Designutils 20-3303] unexpected site type 'IOPAD' in HDPYFinalizeIO
WARNING: [Designutils 20-3303] unexpected site type 'IOPAD' in HDPYFinalizeIO
WARNING: [Designutils 20-3303] unexpected site type 'IOPAD' in HDPYFinalizeIO
WARNING: [Designutils 20-3303] unexpected site type 'IOPAD' in HDPYFinalizeIO
WARNING: [Designutils 20-3303] unexpected site type 'IOPAD' in HDPYFinalizeIO
WARNING: [Designutils 20-3303] unexpected site type 'IOPAD' in HDPYFinalizeIO
WARNING: [Designutils 20-3303] unexpected site type 'IOPAD' in HDPYFinalizeIO
WARNING: [Designutils 20-3303] unexpected site type 'IOPAD' in HDPYFinalizeIO
WARNING: [Designutils 20-3303] unexpected site type 'IOPAD' in HDPYFinalizeIO
WARNING: [Designutils 20-3303] unexpected site type 'IOPAD' in HDPYFinalizeIO
WARNING: [Designutils 20-3303] unexpected site type 'IOPAD' in HDPYFinalizeIO
WARNING: [Designutils 20-3303] unexpected site type 'IOPAD' in HDPYFinalizeIO
WARNING: [Designutils 20-3303] unexpected site type 'IOPAD' in HDPYFinalizeIO
WARNING: [Designutils 20-3303] unexpected site type 'IOPAD' in HDPYFinalizeIO
WARNING: [Designutils 20-3303] unexpected site type 'IOPAD' in HDPYFinalizeIO
WARNING: [Designutils 20-3303] unexpected site type 'IOPAD' in HDPYFinalizeIO
WARNING: [Designutils 20-3303] unexpected site type 'IOPAD' in HDPYFinalizeIO
WARNING: [Designutils 20-3303] unexpected site type 'IOPAD' in HDPYFinalizeIO
WARNING: [Designutils 20-3303] unexpected site type 'IOPAD' in HDPYFinalizeIO
WARNING: [Designutils 20-3303] unexpected site type 'IOPAD' in HDPYFinalizeIO
WARNING: [Designutils 20-3303] unexpected site type 'IOPAD' in HDPYFinalizeIO
WARNING: [Designutils 20-3303] unexpected site type 'IOPAD' in HDPYFinalizeIO
WARNING: [Designutils 20-3303] unexpected site type 'IOPAD' in HDPYFinalizeIO
WARNING: [Designutils 20-3303] unexpected site type 'IOPAD' in HDPYFinalizeIO
WARNING: [Designutils 20-3303] unexpected site type 'IOPAD' in HDPYFinalizeIO
WARNING: [Designutils 20-3303] unexpected site type 'IOPAD' in HDPYFinalizeIO
WARNING: [Designutils 20-3303] unexpected site type 'IOPAD' in HDPYFinalizeIO
WARNING: [Designutils 20-3303] unexpected site type 'IOPAD' in HDPYFinalizeIO
WARNING: [Designutils 20-3303] unexpected site type 'IOPAD' in HDPYFinalizeIO
WARNING: [Designutils 20-3303] unexpected site type 'IOPAD' in HDPYFinalizeIO
WARNING: [Designutils 20-3303] unexpected site type 'IOPAD' in HDPYFinalizeIO
WARNING: [Designutils 20-3303] unexpected site type 'IOPAD' in HDPYFinalizeIO
WARNING: [Designutils 20-3303] unexpected site type 'IOPAD' in HDPYFinalizeIO
WARNING: [Designutils 20-3303] unexpected site type 'IOPAD' in HDPYFinalizeIO
WARNING: [Designutils 20-3303] unexpected site type 'IOPAD' in HDPYFinalizeIO
WARNING: [Designutils 20-3303] unexpected site type 'IOPAD' in HDPYFinalizeIO
WARNING: [Designutils 20-3303] unexpected site type 'IOPAD' in HDPYFinalizeIO
WARNING: [Designutils 20-3303] unexpected site type 'IOPAD' in HDPYFinalizeIO
WARNING: [Designutils 20-3303] unexpected site type 'IOPAD' in HDPYFinalizeIO
WARNING: [Designutils 20-3303] unexpected site type 'IOPAD' in HDPYFinalizeIO
WARNING: [Designutils 20-3303] unexpected site type 'IOPAD' in HDPYFinalizeIO
WARNING: [Designutils 20-3303] unexpected site type 'IOPAD' in HDPYFinalizeIO
WARNING: [Designutils 20-3303] unexpected site type 'IOPAD' in HDPYFinalizeIO
WARNING: [Designutils 20-3303] unexpected site type 'IOPAD' in HDPYFinalizeIO
WARNING: [Designutils 20-3303] unexpected site type 'IOPAD' in HDPYFinalizeIO
WARNING: [Designutils 20-3303] unexpected site type 'IOPAD' in HDPYFinalizeIO
WARNING: [Designutils 20-3303] unexpected site type 'IOPAD' in HDPYFinalizeIO
WARNING: [Designutils 20-3303] unexpected site type 'IOPAD' in HDPYFinalizeIO
WARNING: [Designutils 20-3303] unexpected site type 'IOPAD' in HDPYFinalizeIO
WARNING: [Designutils 20-3303] unexpected site type 'IOPAD' in HDPYFinalizeIO
INFO: [Common 17-14] Message 'Designutils 20-3303' appears 100 times and further instances of the messages will be disabled. Use the Tcl command set_msg_config to change the current settings.
INFO: [Vivado_Tcl 4-198] DRC finished with 0 Errors
INFO: [Vivado_Tcl 4-199] Please refer to the DRC report (report_drc) for more information.


Starting Routing Task
INFO: [Route 35-270] Using Router directive 'Quick'.
INFO: [Route 35-254] Multithreading enabled for route_design using a maximum of 8 CPUs
Checksum: PlaceDB: b5b0b83c ConstDB: 0 ShapeSum: e7869fdf RouteDB: 0

Phase 1 Build RT Design
Phase 1 Build RT Design | Checksum: bc00ed79

Time (s): cpu = 00:00:05 ; elapsed = 00:00:03 . Memory (MB): peak = 2625.641 ; gain = 0.000 ; free physical = 6701 ; free virtual = 12414
Post Restoration Checksum: NetGraph: 6cea8a19 NumContArr: 4f166360 Constraints: 0 Timing: 0

Phase 2 Router Initialization

Phase 2.1 Fix Topology Constraints
Phase 2.1 Fix Topology Constraints | Checksum: bc00ed79

Time (s): cpu = 00:00:05 ; elapsed = 00:00:03 . Memory (MB): peak = 2625.641 ; gain = 0.000 ; free physical = 6672 ; free virtual = 12385

Phase 2.2 Pre Route Cleanup
Phase 2.2 Pre Route Cleanup | Checksum: bc00ed79

Time (s): cpu = 00:00:05 ; elapsed = 00:00:03 . Memory (MB): peak = 2625.641 ; gain = 0.000 ; free physical = 6672 ; free virtual = 12385
 Number of Nodes with overlaps = 0
Phase 2 Router Initialization | Checksum: 666c99e0

Time (s): cpu = 00:00:05 ; elapsed = 00:00:04 . Memory (MB): peak = 2625.641 ; gain = 0.000 ; free physical = 6664 ; free virtual = 12377

Phase 3 Initial Routing
Phase 3 Initial Routing | Checksum: 139207b52

Time (s): cpu = 00:00:08 ; elapsed = 00:00:04 . Memory (MB): peak = 2625.641 ; gain = 0.000 ; free physical = 6663 ; free virtual = 12376

Phase 4 Rip-up And Reroute

Phase 4.1 Global Iteration 0
 Number of Nodes with overlaps = 868
 Number of Nodes with overlaps = 9
 Number of Nodes with overlaps = 0
Phase 4.1 Global Iteration 0 | Checksum: 4a63a8bc

Time (s): cpu = 00:00:11 ; elapsed = 00:00:05 . Memory (MB): peak = 2625.641 ; gain = 0.000 ; free physical = 6662 ; free virtual = 12375
Phase 4 Rip-up And Reroute | Checksum: 4a63a8bc

Time (s): cpu = 00:00:11 ; elapsed = 00:00:05 . Memory (MB): peak = 2625.641 ; gain = 0.000 ; free physical = 6662 ; free virtual = 12375

Phase 5 Delay and Skew Optimization
Phase 5 Delay and Skew Optimization | Checksum: 4a63a8bc

Time (s): cpu = 00:00:11 ; elapsed = 00:00:05 . Memory (MB): peak = 2625.641 ; gain = 0.000 ; free physical = 6662 ; free virtual = 12375

Phase 6 Post Hold Fix

Phase 6.1 Hold Fix Iter
Phase 6.1 Hold Fix Iter | Checksum: 4a63a8bc

Time (s): cpu = 00:00:11 ; elapsed = 00:00:05 . Memory (MB): peak = 2625.641 ; gain = 0.000 ; free physical = 6662 ; free virtual = 12375
Phase 6 Post Hold Fix | Checksum: 4a63a8bc

Time (s): cpu = 00:00:11 ; elapsed = 00:00:05 . Memory (MB): peak = 2625.641 ; gain = 0.000 ; free physical = 6662 ; free virtual = 12375

Phase 7 Route finalize

Router Utilization Summary
  Global Vertical Routing Utilization    = 4.35065 %
  Global Horizontal Routing Utilization  = 6.11788 %
  Routable Net Status*
  *Does not include unroutable nets such as driverless and loadless.
  Run report_route_status for detailed report.
  Number of Failed Nets               = 0
  Number of Unrouted Nets             = 0
  Number of Partially Routed Nets     = 0
  Number of Node Overlaps             = 0

Congestion Report
North Dir 1x1 Area, Max Cong = 39.6396%, No Congested Regions.
South Dir 1x1 Area, Max Cong = 43.2432%, No Congested Regions.
East Dir 1x1 Area, Max Cong = 55.8824%, No Congested Regions.
West Dir 1x1 Area, Max Cong = 48.5294%, No Congested Regions.

------------------------------
Reporting congestion hotspots
------------------------------
Direction: North
----------------
Congested clusters found at Level 0
Effective congestion level: 0 Aspect Ratio: 1 Sparse Ratio: 0
Direction: South
----------------
Congested clusters found at Level 0
Effective congestion level: 0 Aspect Ratio: 1 Sparse Ratio: 0
Direction: East
----------------
Congested clusters found at Level 0
Effective congestion level: 0 Aspect Ratio: 1 Sparse Ratio: 0
Direction: West
----------------
Congested clusters found at Level 0
Effective congestion level: 0 Aspect Ratio: 1 Sparse Ratio: 0

Phase 7 Route finalize | Checksum: 4a63a8bc

Time (s): cpu = 00:00:11 ; elapsed = 00:00:05 . Memory (MB): peak = 2625.641 ; gain = 0.000 ; free physical = 6662 ; free virtual = 12375

Phase 8 Verifying routed nets

 Verification completed successfully
Phase 8 Verifying routed nets | Checksum: 4a63a8bc

Time (s): cpu = 00:00:12 ; elapsed = 00:00:05 . Memory (MB): peak = 2625.641 ; gain = 0.000 ; free physical = 6661 ; free virtual = 12374

Phase 9 Depositing Routes
Phase 9 Depositing Routes | Checksum: f08c90cb

Time (s): cpu = 00:00:12 ; elapsed = 00:00:06 . Memory (MB): peak = 2625.641 ; gain = 0.000 ; free physical = 6662 ; free virtual = 12375
INFO: [Route 35-16] Router Completed Successfully

Time (s): cpu = 00:00:12 ; elapsed = 00:00:06 . Memory (MB): peak = 2625.641 ; gain = 0.000 ; free physical = 6693 ; free virtual = 12406

Routing Is Done.
INFO: [Common 17-83] Releasing license: Implementation
95 Infos, 302 Warnings, 6 Critical Warnings and 0 Errors encountered.
route_design completed successfully
route_design: Time (s): cpu = 00:00:16 ; elapsed = 00:00:08 . Memory (MB): peak = 2625.641 ; gain = 0.000 ; free physical = 6693 ; free virtual = 12406
Netlist sorting complete. Time (s): cpu = 00:00:00 ; elapsed = 00:00:00.01 . Memory (MB): peak = 2625.641 ; gain = 0.000 ; free physical = 6693 ; free virtual = 12406
INFO: [Timing 38-480] Writing timing data to binary archive.
Writing placer database...
Netlist sorting complete. Time (s): cpu = 00:00:00.01 ; elapsed = 00:00:00 . Memory (MB): peak = 2625.641 ; gain = 0.000 ; free physical = 6681 ; free virtual = 12398
Writing XDEF routing.
Writing XDEF routing logical nets.
Writing XDEF routing special nets.
Write XDEF Complete: Time (s): cpu = 00:00:03 ; elapsed = 00:00:00.98 . Memory (MB): peak = 2625.641 ; gain = 0.000 ; free physical = 6660 ; free virtual = 12396
INFO: [Common 17-1381] The checkpoint '/home/lsriw/PSRA/DG/lab6/ald/ald.runs/impl_2/ald_wrapper_routed.dcp' has been generated.
INFO: [runtcl-4] Executing : report_drc -file ald_wrapper_drc_routed.rpt -pb ald_wrapper_drc_routed.pb -rpx ald_wrapper_drc_routed.rpx
Command: report_drc -file ald_wrapper_drc_routed.rpt -pb ald_wrapper_drc_routed.pb -rpx ald_wrapper_drc_routed.rpx
INFO: [IP_Flow 19-1839] IP Catalog is up to date.
INFO: [DRC 23-27] Running DRC with 8 threads
INFO: [Coretcl 2-168] The results of DRC are in file /home/lsriw/PSRA/DG/lab6/ald/ald.runs/impl_2/ald_wrapper_drc_routed.rpt.
report_drc completed successfully
INFO: [runtcl-4] Executing : report_methodology -file ald_wrapper_methodology_drc_routed.rpt -pb ald_wrapper_methodology_drc_routed.pb -rpx ald_wrapper_methodology_drc_routed.rpx
Command: report_methodology -file ald_wrapper_methodology_drc_routed.rpt -pb ald_wrapper_methodology_drc_routed.pb -rpx ald_wrapper_methodology_drc_routed.rpx
INFO: [Timing 38-35] Done setting XDC timing constraints.
INFO: [DRC 23-133] Running Methodology with 8 threads
INFO: [Coretcl 2-1520] The results of Report Methodology are in file /home/lsriw/PSRA/DG/lab6/ald/ald.runs/impl_2/ald_wrapper_methodology_drc_routed.rpt.
report_methodology completed successfully
report_methodology: Time (s): cpu = 00:00:29 ; elapsed = 00:00:06 . Memory (MB): peak = 2783.102 ; gain = 108.309 ; free physical = 6532 ; free virtual = 12251
INFO: [runtcl-4] Executing : report_power -file ald_wrapper_power_routed.rpt -pb ald_wrapper_power_summary_routed.pb -rpx ald_wrapper_power_routed.rpx
Command: report_power -file ald_wrapper_power_routed.rpt -pb ald_wrapper_power_summary_routed.pb -rpx ald_wrapper_power_routed.rpx
INFO: [Timing 38-35] Done setting XDC timing constraints.
Running Vector-less Activity Propagation...

Finished Running Vector-less Activity Propagation
WARNING: [Power 33-332] Found switching activity that implies high-fanout reset nets being asserted for excessive periods of time which may result in inaccurate power analysis.
Resolution: To review and fix problems, please run Power Constraints Advisor in the GUI from Tools > Power Constraints Advisor or run report_power with the -advisory option to generate a text report.
107 Infos, 303 Warnings, 6 Critical Warnings and 0 Errors encountered.
report_power completed successfully
INFO: [runtcl-4] Executing : report_route_status -file ald_wrapper_route_status.rpt -pb ald_wrapper_route_status.pb
INFO: [runtcl-4] Executing : report_timing_summary -max_paths 10 -file ald_wrapper_timing_summary_routed.rpt -pb ald_wrapper_timing_summary_routed.pb -rpx ald_wrapper_timing_summary_routed.rpx -warn_on_violation 
INFO: [Timing 38-91] UpdateTimingParams: Speed grade: -1, Delay Type: min_max.
INFO: [Timing 38-191] Multithreading enabled for timing update using a maximum of 8 CPUs
CRITICAL WARNING: [Timing 38-282] The design failed to meet the timing requirements. Please see the timing summary report for details on the timing violations.
WARNING: [Timing 38-436] There are set_bus_skew constraint(s) in this design. Please run report_bus_skew to ensure that bus skew requirements are met.
INFO: [runtcl-4] Executing : report_incremental_reuse -file ald_wrapper_incremental_reuse_routed.rpt
INFO: [Vivado_Tcl 4-1062] Incremental flow is disabled. No incremental reuse Info to report.
INFO: [runtcl-4] Executing : report_clock_utilization -file ald_wrapper_clock_utilization_routed.rpt
INFO: [runtcl-4] Executing : report_bus_skew -warn_on_violation -file ald_wrapper_bus_skew_routed.rpt -pb ald_wrapper_bus_skew_routed.pb -rpx ald_wrapper_bus_skew_routed.rpx
INFO: [Timing 38-91] UpdateTimingParams: Speed grade: -1, Delay Type: min_max.
INFO: [Timing 38-191] Multithreading enabled for timing update using a maximum of 8 CPUs
CRITICAL WARNING: [Memdata 28-165] The reference name: ald_i_blk_mem_gen_0 was not found in a previous reference definition. Either the bmm file or the bmm_info_* properties are malformed, therefore BRAM INIT strings can not be populated.
CRITICAL WARNING: [Memdata 28-122] data2mem failed with a parsing error. Check the bmm file or the bmm_info_* properties on the BRAM components. The design BRAM components initialization strings have not been updated.
CRITICAL WARNING: [Memdata 28-147] Could not complete BRAM data initialization for processor.  Please check to ensure any BMM and ELF files in the design have correct proper scoping specified. Design will proceed but BRAM initialization strings will not be populated with contents of the ELF file.
INFO: [Memdata 28-208] The XPM instance: <ald_i/v_vid_in_axi4s_0/inst/COUPLER_INST/generate_sync_fifo.FIFO_INST/XPM_FIFO_SYNC_INST/xpm_fifo_base_inst/gen_sdpram.xpm_memory_base_inst> is part of IP: <ald_i/v_vid_in_axi4s_0>. This XPM instance will be excluded from the .mmi because updatemem is prohibited from making changes to an XPM that is part of an IP.
INFO: [Memdata 28-208] The XPM instance: <ald_i/v_axi4s_vid_out_0/inst/COUPLER_INST/generate_sync_fifo.FIFO_INST/XPM_FIFO_SYNC_INST/xpm_fifo_base_inst/gen_sdpram.xpm_memory_base_inst> is part of IP: <ald_i/v_axi4s_vid_out_0>. This XPM instance will be excluded from the .mmi because updatemem is prohibited from making changes to an XPM that is part of an IP.
INFO: [Memdata 28-167] Found XPM memory block ald_i/axi_smc/inst/s00_nodes/s00_w_node/inst/inst_mi_handler/gen_normal_area.inst_fifo_node_payld/gen_xpm_memory_fifo.inst_fifo/gen_mem_rep[0].inst_xpm_memory/xpm_memory_base_inst with a P_MEMORY_PRIMITIVE property set to distributed. A value of block is required. You will not be able to use the updatemem program to update the bitstream with new data for the ald_i/axi_smc/inst/s00_nodes/s00_w_node/inst/inst_mi_handler/gen_normal_area.inst_fifo_node_payld/gen_xpm_memory_fifo.inst_fifo/gen_mem_rep[0].inst_xpm_memory/xpm_memory_base_inst block.
INFO: [Memdata 28-167] Found XPM memory block ald_i/axi_smc/inst/s00_nodes/s00_r_node/inst/inst_mi_handler/gen_normal_area.inst_fifo_node_payld/gen_xpm_memory_fifo.inst_fifo/gen_mem_rep[0].inst_xpm_memory/xpm_memory_base_inst with a P_MEMORY_PRIMITIVE property set to distributed. A value of block is required. You will not be able to use the updatemem program to update the bitstream with new data for the ald_i/axi_smc/inst/s00_nodes/s00_r_node/inst/inst_mi_handler/gen_normal_area.inst_fifo_node_payld/gen_xpm_memory_fifo.inst_fifo/gen_mem_rep[0].inst_xpm_memory/xpm_memory_base_inst block.
INFO: [Memdata 28-167] Found XPM memory block ald_i/axi_smc/inst/s00_nodes/s00_b_node/inst/inst_mi_handler/gen_normal_area.inst_fifo_node_payld/gen_xpm_memory_fifo.inst_fifo/gen_mem_rep[0].inst_xpm_memory/xpm_memory_base_inst with a P_MEMORY_PRIMITIVE property set to distributed. A value of block is required. You will not be able to use the updatemem program to update the bitstream with new data for the ald_i/axi_smc/inst/s00_nodes/s00_b_node/inst/inst_mi_handler/gen_normal_area.inst_fifo_node_payld/gen_xpm_memory_fifo.inst_fifo/gen_mem_rep[0].inst_xpm_memory/xpm_memory_base_inst block.
INFO: [Memdata 28-167] Found XPM memory block ald_i/axi_smc/inst/s00_nodes/s00_aw_node/inst/inst_mi_handler/gen_normal_area.inst_fifo_node_payld/gen_xpm_memory_fifo.inst_fifo/gen_mem_rep[0].inst_xpm_memory/xpm_memory_base_inst with a P_MEMORY_PRIMITIVE property set to distributed. A value of block is required. You will not be able to use the updatemem program to update the bitstream with new data for the ald_i/axi_smc/inst/s00_nodes/s00_aw_node/inst/inst_mi_handler/gen_normal_area.inst_fifo_node_payld/gen_xpm_memory_fifo.inst_fifo/gen_mem_rep[0].inst_xpm_memory/xpm_memory_base_inst block.
INFO: [Memdata 28-167] Found XPM memory block ald_i/axi_smc/inst/s00_nodes/s00_ar_node/inst/inst_mi_handler/gen_normal_area.inst_fifo_node_payld/gen_xpm_memory_fifo.inst_fifo/gen_mem_rep[0].inst_xpm_memory/xpm_memory_base_inst with a P_MEMORY_PRIMITIVE property set to distributed. A value of block is required. You will not be able to use the updatemem program to update the bitstream with new data for the ald_i/axi_smc/inst/s00_nodes/s00_ar_node/inst/inst_mi_handler/gen_normal_area.inst_fifo_node_payld/gen_xpm_memory_fifo.inst_fifo/gen_mem_rep[0].inst_xpm_memory/xpm_memory_base_inst block.
Command: write_bitstream -force ald_wrapper.bit
Attempting to get a license for feature 'Implementation' and/or device 'xc7z010'
INFO: [Common 17-349] Got license for feature 'Implementation' and/or device 'xc7z010'
Running DRC as a precondition to command write_bitstream
INFO: [IP_Flow 19-1839] IP Catalog is up to date.
INFO: [DRC 23-27] Running DRC with 8 threads
WARNING: [Designutils 20-3303] unexpected site type 'IOPAD' in HDPYFinalizeIO
WARNING: [Designutils 20-3303] unexpected site type 'IOPAD' in HDPYFinalizeIO
WARNING: [Designutils 20-3303] unexpected site type 'IOPAD' in HDPYFinalizeIO
WARNING: [Designutils 20-3303] unexpected site type 'IOPAD' in HDPYFinalizeIO
WARNING: [Designutils 20-3303] unexpected site type 'IOPAD' in HDPYFinalizeIO
WARNING: [Designutils 20-3303] unexpected site type 'IOPAD' in HDPYFinalizeIO
WARNING: [Designutils 20-3303] unexpected site type 'IOPAD' in HDPYFinalizeIO
WARNING: [Designutils 20-3303] unexpected site type 'IOPAD' in HDPYFinalizeIO
WARNING: [Designutils 20-3303] unexpected site type 'IOPAD' in HDPYFinalizeIO
WARNING: [Designutils 20-3303] unexpected site type 'IOPAD' in HDPYFinalizeIO
WARNING: [Designutils 20-3303] unexpected site type 'IOPAD' in HDPYFinalizeIO
WARNING: [Designutils 20-3303] unexpected site type 'IOPAD' in HDPYFinalizeIO
WARNING: [Designutils 20-3303] unexpected site type 'IOPAD' in HDPYFinalizeIO
WARNING: [Designutils 20-3303] unexpected site type 'IOPAD' in HDPYFinalizeIO
WARNING: [Designutils 20-3303] unexpected site type 'IOPAD' in HDPYFinalizeIO
WARNING: [Designutils 20-3303] unexpected site type 'IOPAD' in HDPYFinalizeIO
WARNING: [Designutils 20-3303] unexpected site type 'IOPAD' in HDPYFinalizeIO
WARNING: [Designutils 20-3303] unexpected site type 'IOPAD' in HDPYFinalizeIO
WARNING: [Designutils 20-3303] unexpected site type 'IOPAD' in HDPYFinalizeIO
WARNING: [Designutils 20-3303] unexpected site type 'IOPAD' in HDPYFinalizeIO
WARNING: [Designutils 20-3303] unexpected site type 'IOPAD' in HDPYFinalizeIO
WARNING: [Designutils 20-3303] unexpected site type 'IOPAD' in HDPYFinalizeIO
WARNING: [Designutils 20-3303] unexpected site type 'IOPAD' in HDPYFinalizeIO
WARNING: [Designutils 20-3303] unexpected site type 'IOPAD' in HDPYFinalizeIO
WARNING: [Designutils 20-3303] unexpected site type 'IOPAD' in HDPYFinalizeIO
WARNING: [Designutils 20-3303] unexpected site type 'IOPAD' in HDPYFinalizeIO
WARNING: [Designutils 20-3303] unexpected site type 'IOPAD' in HDPYFinalizeIO
WARNING: [Designutils 20-3303] unexpected site type 'IOPAD' in HDPYFinalizeIO
WARNING: [Designutils 20-3303] unexpected site type 'IOPAD' in HDPYFinalizeIO
WARNING: [Designutils 20-3303] unexpected site type 'IOPAD' in HDPYFinalizeIO
WARNING: [Designutils 20-3303] unexpected site type 'IOPAD' in HDPYFinalizeIO
WARNING: [Designutils 20-3303] unexpected site type 'IOPAD' in HDPYFinalizeIO
WARNING: [Designutils 20-3303] unexpected site type 'IOPAD' in HDPYFinalizeIO
WARNING: [Designutils 20-3303] unexpected site type 'IOPAD' in HDPYFinalizeIO
WARNING: [Designutils 20-3303] unexpected site type 'IOPAD' in HDPYFinalizeIO
WARNING: [Designutils 20-3303] unexpected site type 'IOPAD' in HDPYFinalizeIO
WARNING: [Designutils 20-3303] unexpected site type 'IOPAD' in HDPYFinalizeIO
WARNING: [Designutils 20-3303] unexpected site type 'IOPAD' in HDPYFinalizeIO
WARNING: [Designutils 20-3303] unexpected site type 'IOPAD' in HDPYFinalizeIO
WARNING: [Designutils 20-3303] unexpected site type 'IOPAD' in HDPYFinalizeIO
WARNING: [Designutils 20-3303] unexpected site type 'IOPAD' in HDPYFinalizeIO
WARNING: [Designutils 20-3303] unexpected site type 'IOPAD' in HDPYFinalizeIO
WARNING: [Designutils 20-3303] unexpected site type 'IOPAD' in HDPYFinalizeIO
WARNING: [Designutils 20-3303] unexpected site type 'IOPAD' in HDPYFinalizeIO
WARNING: [Designutils 20-3303] unexpected site type 'IOPAD' in HDPYFinalizeIO
WARNING: [Designutils 20-3303] unexpected site type 'IOPAD' in HDPYFinalizeIO
WARNING: [Designutils 20-3303] unexpected site type 'IOPAD' in HDPYFinalizeIO
WARNING: [Designutils 20-3303] unexpected site type 'IOPAD' in HDPYFinalizeIO
WARNING: [Designutils 20-3303] unexpected site type 'IOPAD' in HDPYFinalizeIO
WARNING: [Designutils 20-3303] unexpected site type 'IOPAD' in HDPYFinalizeIO
WARNING: [Designutils 20-3303] unexpected site type 'IOPAD' in HDPYFinalizeIO
WARNING: [Designutils 20-3303] unexpected site type 'IOPAD' in HDPYFinalizeIO
WARNING: [Designutils 20-3303] unexpected site type 'IOPAD' in HDPYFinalizeIO
WARNING: [Designutils 20-3303] unexpected site type 'IOPAD' in HDPYFinalizeIO
WARNING: [Designutils 20-3303] unexpected site type 'IOPAD' in HDPYFinalizeIO
WARNING: [Designutils 20-3303] unexpected site type 'IOPAD' in HDPYFinalizeIO
WARNING: [Designutils 20-3303] unexpected site type 'IOPAD' in HDPYFinalizeIO
WARNING: [Designutils 20-3303] unexpected site type 'IOPAD' in HDPYFinalizeIO
WARNING: [Designutils 20-3303] unexpected site type 'IOPAD' in HDPYFinalizeIO
WARNING: [Designutils 20-3303] unexpected site type 'IOPAD' in HDPYFinalizeIO
WARNING: [Designutils 20-3303] unexpected site type 'IOPAD' in HDPYFinalizeIO
WARNING: [Designutils 20-3303] unexpected site type 'IOPAD' in HDPYFinalizeIO
WARNING: [Designutils 20-3303] unexpected site type 'IOPAD' in HDPYFinalizeIO
WARNING: [Designutils 20-3303] unexpected site type 'IOPAD' in HDPYFinalizeIO
WARNING: [Designutils 20-3303] unexpected site type 'IOPAD' in HDPYFinalizeIO
WARNING: [Designutils 20-3303] unexpected site type 'IOPAD' in HDPYFinalizeIO
WARNING: [Designutils 20-3303] unexpected site type 'IOPAD' in HDPYFinalizeIO
WARNING: [Designutils 20-3303] unexpected site type 'IOPAD' in HDPYFinalizeIO
WARNING: [Designutils 20-3303] unexpected site type 'IOPAD' in HDPYFinalizeIO
WARNING: [Designutils 20-3303] unexpected site type 'IOPAD' in HDPYFinalizeIO
WARNING: [Designutils 20-3303] unexpected site type 'IOPAD' in HDPYFinalizeIO
WARNING: [Designutils 20-3303] unexpected site type 'IOPAD' in HDPYFinalizeIO
WARNING: [Designutils 20-3303] unexpected site type 'IOPAD' in HDPYFinalizeIO
WARNING: [Designutils 20-3303] unexpected site type 'IOPAD' in HDPYFinalizeIO
WARNING: [Designutils 20-3303] unexpected site type 'IOPAD' in HDPYFinalizeIO
WARNING: [Designutils 20-3303] unexpected site type 'IOPAD' in HDPYFinalizeIO
WARNING: [Designutils 20-3303] unexpected site type 'IOPAD' in HDPYFinalizeIO
WARNING: [Designutils 20-3303] unexpected site type 'IOPAD' in HDPYFinalizeIO
WARNING: [Designutils 20-3303] unexpected site type 'IOPAD' in HDPYFinalizeIO
WARNING: [Designutils 20-3303] unexpected site type 'IOPAD' in HDPYFinalizeIO
WARNING: [Designutils 20-3303] unexpected site type 'IOPAD' in HDPYFinalizeIO
WARNING: [Designutils 20-3303] unexpected site type 'IOPAD' in HDPYFinalizeIO
WARNING: [Designutils 20-3303] unexpected site type 'IOPAD' in HDPYFinalizeIO
WARNING: [Designutils 20-3303] unexpected site type 'IOPAD' in HDPYFinalizeIO
WARNING: [Designutils 20-3303] unexpected site type 'IOPAD' in HDPYFinalizeIO
WARNING: [Designutils 20-3303] unexpected site type 'IOPAD' in HDPYFinalizeIO
WARNING: [Designutils 20-3303] unexpected site type 'IOPAD' in HDPYFinalizeIO
WARNING: [Designutils 20-3303] unexpected site type 'IOPAD' in HDPYFinalizeIO
WARNING: [Designutils 20-3303] unexpected site type 'IOPAD' in HDPYFinalizeIO
WARNING: [Designutils 20-3303] unexpected site type 'IOPAD' in HDPYFinalizeIO
WARNING: [Designutils 20-3303] unexpected site type 'IOPAD' in HDPYFinalizeIO
WARNING: [Designutils 20-3303] unexpected site type 'IOPAD' in HDPYFinalizeIO
WARNING: [Designutils 20-3303] unexpected site type 'IOPAD' in HDPYFinalizeIO
WARNING: [Designutils 20-3303] unexpected site type 'IOPAD' in HDPYFinalizeIO
WARNING: [Designutils 20-3303] unexpected site type 'IOPAD' in HDPYFinalizeIO
WARNING: [Designutils 20-3303] unexpected site type 'IOPAD' in HDPYFinalizeIO
WARNING: [Designutils 20-3303] unexpected site type 'IOPAD' in HDPYFinalizeIO
WARNING: [Designutils 20-3303] unexpected site type 'IOPAD' in HDPYFinalizeIO
WARNING: [Designutils 20-3303] unexpected site type 'IOPAD' in HDPYFinalizeIO
WARNING: [Designutils 20-3303] unexpected site type 'IOPAD' in HDPYFinalizeIO
INFO: [Common 17-14] Message 'Designutils 20-3303' appears 100 times and further instances of the messages will be disabled. Use the Tcl command set_msg_config to change the current settings.
WARNING: [DRC RTSTAT-10] No routable loads: 25 net(s) have no routable loads. The problem bus(es) and/or net(s) are dbg_hub/inst/BSCANID.u_xsdbm_id/CORE_XSDB.UUT_MASTER/U_ICON_INTERFACE/U_CMD6_RD/U_RD_FIFO/SUBCORE_FIFO.xsdbm_v3_0_0_rdfifo_inst/inst_fifo_gen/gconvfifo.rf/grf.rf/gntv_or_sync_fifo.gl0.rd/gr1.gr1_int.rfwft/aempty_fwft_i, dbg_hub/inst/BSCANID.u_xsdbm_id/CORE_XSDB.UUT_MASTER/U_ICON_INTERFACE/U_CMD7_CTL/ctl_reg[2:0], dbg_hub/inst/BSCANID.u_xsdbm_id/CORE_XSDB.UUT_MASTER/U_ICON_INTERFACE/U_CMD7_CTL/ctl_reg_en_2[1], dbg_hub/inst/BSCANID.u_xsdbm_id/CORE_XSDB.UUT_MASTER/U_ICON_INTERFACE/U_CMD1/ctl_reg_en_2[1], dbg_hub/inst/BSCANID.u_xsdbm_id/SWITCH_N_EXT_BSCAN.bscan_switch/m_bscan_capture[0], dbg_hub/inst/BSCANID.u_xsdbm_id/SWITCH_N_EXT_BSCAN.bscan_switch/m_bscan_drck[0], dbg_hub/inst/BSCANID.u_xsdbm_id/SWITCH_N_EXT_BSCAN.bscan_switch/m_bscan_runtest[0], dbg_hub/inst/BSCANID.u_xsdbm_id/CORE_XSDB.UUT_MASTER/U_ICON_INTERFACE/U_CMD6_RD/U_RD_FIFO/SUBCORE_FIFO.xsdbm_v3_0_0_rdfifo_inst/inst_fifo_gen/gconvfifo.rf/grf.rf/gntv_or_sync_fifo.gl0.wr/gwhf.whf/overflow, dbg_hub/inst/BSCANID.u_xsdbm_id/CORE_XSDB.UUT_MASTER/U_ICON_INTERFACE/U_CMD6_WR/U_WR_FIFO/SUBCORE_FIFO.xsdbm_v3_0_0_wrfifo_inst/inst_fifo_gen/gconvfifo.rf/grf.rf/gntv_or_sync_fifo.gl0.wr/gwhf.whf/overflow, dbg_hub/inst/BSCANID.u_xsdbm_id/CORE_XSDB.UUT_MASTER/U_ICON_INTERFACE/U_CMD6_RD/U_RD_FIFO/SUBCORE_FIFO.xsdbm_v3_0_0_rdfifo_inst/inst_fifo_gen/gconvfifo.rf/grf.rf/gntv_or_sync_fifo.gl0.rd/gras.rsts/ram_empty_i, dbg_hub/inst/BSCANID.u_xsdbm_id/CORE_XSDB.UUT_MASTER/U_ICON_INTERFACE/U_CMD6_WR/U_WR_FIFO/SUBCORE_FIFO.xsdbm_v3_0_0_wrfifo_inst/inst_fifo_gen/gconvfifo.rf/grf.rf/gntv_or_sync_fifo.gl0.wr/gwas.wsts/ram_full_i, dbg_hub/inst/BSCANID.u_xsdbm_id/CORE_XSDB.UUT_MASTER/U_ICON_INTERFACE/U_CMD6_WR/U_WR_FIFO/SUBCORE_FIFO.xsdbm_v3_0_0_wrfifo_inst/inst_fifo_gen/gconvfifo.rf/grf.rf/rstblk/rd_rst_reg[0], dbg_hub/inst/BSCANID.u_xsdbm_id/SWITCH_N_EXT_BSCAN.bscan_inst/s_bscan_tms, ald_i/system_ila_0/inst/ila_lib/inst/ila_core_inst/u_ila_regs/U_XSDB_SLAVE/s_daddr_o[13], ald_i/system_ila_0/inst/ila_lib/inst/ila_core_inst/u_ila_regs/U_XSDB_SLAVE/s_daddr_o[14]... and (the first 15 of 23 listed).
INFO: [Vivado 12-3199] DRC finished with 0 Errors, 1 Warnings
INFO: [Vivado 12-3200] Please refer to the DRC report (report_drc) for more information.
INFO: [Designutils 20-2272] Running write_bitstream with 8 threads.
Loading data files...
Loading site data...
Loading route data...
Processing options...
Creating bitmap...
Creating bitstream...
Writing bitstream ./ald_wrapper.bit...
INFO: [Vivado 12-1842] Bitgen Completed Successfully.
INFO: [Project 1-118] WebTalk data collection is enabled (User setting is ON. Install Setting is ON.).
INFO: [Common 17-83] Releasing license: Implementation
134 Infos, 405 Warnings, 10 Critical Warnings and 0 Errors encountered.
write_bitstream completed successfully
write_bitstream: Time (s): cpu = 00:00:23 ; elapsed = 00:00:16 . Memory (MB): peak = 3131.664 ; gain = 249.457 ; free physical = 6462 ; free virtual = 12195
INFO: [Common 17-206] Exiting Vivado at Wed Apr  3 17:00:03 2019...
