
*** Running vivado
    with args -log ald_parameter_register_0_0.vds -m64 -product Vivado -mode batch -messageDb vivado.pb -notrace -source ald_parameter_register_0_0.tcl


****** Vivado v2018.3 (64-bit)
  **** SW Build 2405991 on Thu Dec  6 23:36:41 MST 2018
  **** IP Build 2404404 on Fri Dec  7 01:43:56 MST 2018
    ** Copyright 1986-2018 Xilinx, Inc. All Rights Reserved.

source ald_parameter_register_0_0.tcl -notrace
INFO: [IP_Flow 19-234] Refreshing IP repositories
INFO: [IP_Flow 19-1700] Loaded user IP repository '/home/lsriw/PSRA/DG/lab4/ip_repo/parameter_register_1.0'.
INFO: [IP_Flow 19-1700] Loaded user IP repository '/home/lsriw/PSRA/DG/lab3/maciej/lab2/ip_repo'.
INFO: [IP_Flow 19-1700] Loaded user IP repository '/home/lsriw/PSRA/DG/lab4/ip_repo/draw_bbox'.
INFO: [IP_Flow 19-2313] Loaded Vivado IP repository '/opt/Xilinx/Vivado/2018.3/data/ip'.
Command: synth_design -top ald_parameter_register_0_0 -part xc7z010clg400-1 -mode out_of_context
Starting synth_design
Attempting to get a license for feature 'Synthesis' and/or device 'xc7z010'
INFO: [Common 17-349] Got license for feature 'Synthesis' and/or device 'xc7z010'
INFO: Launching helper process for spawning children vivado processes
INFO: Helper process launched with PID 12900 
---------------------------------------------------------------------------------
Starting RTL Elaboration : Time (s): cpu = 00:00:02 ; elapsed = 00:00:02 . Memory (MB): peak = 1472.906 ; gain = 85.902 ; free physical = 9259 ; free virtual = 14786
---------------------------------------------------------------------------------
INFO: [Synth 8-6157] synthesizing module 'ald_parameter_register_0_0' [/home/lsriw/PSRA/DG/lab4/ald/ald.srcs/sources_1/bd/ald/ip/ald_parameter_register_0_0/synth/ald_parameter_register_0_0.v:56]
INFO: [Synth 8-6157] synthesizing module 'parameter_register_v1_0' [/home/lsriw/PSRA/DG/lab4/ald/ald.srcs/sources_1/bd/ald/ipshared/5fa9/hdl/parameter_register_v1_0.v:4]
	Parameter C_S00_AXI_DATA_WIDTH bound to: 32 - type: integer 
	Parameter C_S00_AXI_ADDR_WIDTH bound to: 6 - type: integer 
INFO: [Synth 8-6157] synthesizing module 'parameter_register_v1_0_S00_AXI' [/home/lsriw/PSRA/DG/lab4/ald/ald.srcs/sources_1/bd/ald/ipshared/5fa9/hdl/parameter_register_v1_0_S00_AXI.v:4]
	Parameter C_S_AXI_DATA_WIDTH bound to: 32 - type: integer 
	Parameter C_S_AXI_ADDR_WIDTH bound to: 6 - type: integer 
	Parameter ADDR_LSB bound to: 2 - type: integer 
	Parameter OPT_MEM_ADDR_BITS bound to: 3 - type: integer 
WARNING: [Synth 8-6014] Unused sequential element slv_reg3_reg was removed.  [/home/lsriw/PSRA/DG/lab4/ald/ald.srcs/sources_1/bd/ald/ipshared/5fa9/hdl/parameter_register_v1_0_S00_AXI.v:319]
INFO: [Synth 8-6155] done synthesizing module 'parameter_register_v1_0_S00_AXI' (1#1) [/home/lsriw/PSRA/DG/lab4/ald/ald.srcs/sources_1/bd/ald/ipshared/5fa9/hdl/parameter_register_v1_0_S00_AXI.v:4]
INFO: [Synth 8-6155] done synthesizing module 'parameter_register_v1_0' (2#1) [/home/lsriw/PSRA/DG/lab4/ald/ald.srcs/sources_1/bd/ald/ipshared/5fa9/hdl/parameter_register_v1_0.v:4]
INFO: [Synth 8-6155] done synthesizing module 'ald_parameter_register_0_0' (3#1) [/home/lsriw/PSRA/DG/lab4/ald/ald.srcs/sources_1/bd/ald/ip/ald_parameter_register_0_0/synth/ald_parameter_register_0_0.v:56]
WARNING: [Synth 8-3331] design parameter_register_v1_0_S00_AXI has unconnected port S_AXI_AWPROT[2]
WARNING: [Synth 8-3331] design parameter_register_v1_0_S00_AXI has unconnected port S_AXI_AWPROT[1]
WARNING: [Synth 8-3331] design parameter_register_v1_0_S00_AXI has unconnected port S_AXI_AWPROT[0]
WARNING: [Synth 8-3331] design parameter_register_v1_0_S00_AXI has unconnected port S_AXI_ARPROT[2]
WARNING: [Synth 8-3331] design parameter_register_v1_0_S00_AXI has unconnected port S_AXI_ARPROT[1]
WARNING: [Synth 8-3331] design parameter_register_v1_0_S00_AXI has unconnected port S_AXI_ARPROT[0]
---------------------------------------------------------------------------------
Finished RTL Elaboration : Time (s): cpu = 00:00:02 ; elapsed = 00:00:03 . Memory (MB): peak = 1518.656 ; gain = 131.652 ; free physical = 9273 ; free virtual = 14800
---------------------------------------------------------------------------------

Report Check Netlist: 
+------+------------------+-------+---------+-------+------------------+
|      |Item              |Errors |Warnings |Status |Description       |
+------+------------------+-------+---------+-------+------------------+
|1     |multi_driven_nets |      0|        0|Passed |Multi driven nets |
+------+------------------+-------+---------+-------+------------------+
---------------------------------------------------------------------------------
Start Handling Custom Attributes
---------------------------------------------------------------------------------
---------------------------------------------------------------------------------
Finished Handling Custom Attributes : Time (s): cpu = 00:00:02 ; elapsed = 00:00:03 . Memory (MB): peak = 1518.656 ; gain = 131.652 ; free physical = 9272 ; free virtual = 14799
---------------------------------------------------------------------------------
---------------------------------------------------------------------------------
Finished RTL Optimization Phase 1 : Time (s): cpu = 00:00:02 ; elapsed = 00:00:03 . Memory (MB): peak = 1518.656 ; gain = 131.652 ; free physical = 9272 ; free virtual = 14799
---------------------------------------------------------------------------------
INFO: [Device 21-403] Loading part xc7z010clg400-1
INFO: [Project 1-570] Preparing netlist for logic optimization

Processing XDC Constraints
Initializing timing engine
Completed Processing XDC Constraints

Netlist sorting complete. Time (s): cpu = 00:00:00 ; elapsed = 00:00:00 . Memory (MB): peak = 1846.500 ; gain = 0.000 ; free physical = 9053 ; free virtual = 14567
INFO: [Project 1-111] Unisim Transformation Summary:
No Unisim elements were transformed.

Netlist sorting complete. Time (s): cpu = 00:00:00 ; elapsed = 00:00:00 . Memory (MB): peak = 1846.500 ; gain = 0.000 ; free physical = 9053 ; free virtual = 14567
WARNING: [Constraints 18-5210] No constraints selected for write.
Resolution: This message can indicate that there are no constraints for the design, or it can indicate that the used_in flags are set such that the constraints are ignored. This later case is used when running synth_design to not write synthesis constraints to the resulting checkpoint. Instead, project constraints are read when the synthesized design is opened.
Constraint Validation Runtime : Time (s): cpu = 00:00:00.05 ; elapsed = 00:00:00.11 . Memory (MB): peak = 1847.500 ; gain = 1.000 ; free physical = 9052 ; free virtual = 14565
---------------------------------------------------------------------------------
Finished Constraint Validation : Time (s): cpu = 00:00:07 ; elapsed = 00:00:09 . Memory (MB): peak = 1847.500 ; gain = 460.496 ; free physical = 9121 ; free virtual = 14634
---------------------------------------------------------------------------------
---------------------------------------------------------------------------------
Start Loading Part and Timing Information
---------------------------------------------------------------------------------
Loading part: xc7z010clg400-1
---------------------------------------------------------------------------------
Finished Loading Part and Timing Information : Time (s): cpu = 00:00:07 ; elapsed = 00:00:09 . Memory (MB): peak = 1847.500 ; gain = 460.496 ; free physical = 9121 ; free virtual = 14634
---------------------------------------------------------------------------------
---------------------------------------------------------------------------------
Start Applying 'set_property' XDC Constraints
---------------------------------------------------------------------------------
---------------------------------------------------------------------------------
Finished applying 'set_property' XDC Constraints : Time (s): cpu = 00:00:07 ; elapsed = 00:00:09 . Memory (MB): peak = 1847.500 ; gain = 460.496 ; free physical = 9123 ; free virtual = 14637
---------------------------------------------------------------------------------
---------------------------------------------------------------------------------
Finished RTL Optimization Phase 2 : Time (s): cpu = 00:00:08 ; elapsed = 00:00:09 . Memory (MB): peak = 1847.500 ; gain = 460.496 ; free physical = 9115 ; free virtual = 14628
---------------------------------------------------------------------------------

Report RTL Partitions: 
+-+--------------+------------+----------+
| |RTL Partition |Replication |Instances |
+-+--------------+------------+----------+
+-+--------------+------------+----------+
---------------------------------------------------------------------------------
Start RTL Component Statistics 
---------------------------------------------------------------------------------
Detailed RTL Component Info : 
+---Registers : 
	               32 Bit    Registers := 10    
	                6 Bit    Registers := 2     
	                2 Bit    Registers := 2     
	                1 Bit    Registers := 6     
+---Muxes : 
	   2 Input     32 Bit        Muxes := 9     
	  11 Input     32 Bit        Muxes := 9     
	   2 Input      1 Bit        Muxes := 5     
---------------------------------------------------------------------------------
Finished RTL Component Statistics 
---------------------------------------------------------------------------------
---------------------------------------------------------------------------------
Start RTL Hierarchical Component Statistics 
---------------------------------------------------------------------------------
Hierarchical RTL Component report 
Module parameter_register_v1_0_S00_AXI 
Detailed RTL Component Info : 
+---Registers : 
	               32 Bit    Registers := 10    
	                6 Bit    Registers := 2     
	                2 Bit    Registers := 2     
	                1 Bit    Registers := 6     
+---Muxes : 
	   2 Input     32 Bit        Muxes := 9     
	  11 Input     32 Bit        Muxes := 9     
	   2 Input      1 Bit        Muxes := 5     
---------------------------------------------------------------------------------
Finished RTL Hierarchical Component Statistics
---------------------------------------------------------------------------------
---------------------------------------------------------------------------------
Start Part Resource Summary
---------------------------------------------------------------------------------
Part Resources:
DSPs: 80 (col length:40)
BRAMs: 120 (col length: RAMB18 40 RAMB36 20)
---------------------------------------------------------------------------------
Finished Part Resource Summary
---------------------------------------------------------------------------------
---------------------------------------------------------------------------------
Start Cross Boundary and Area Optimization
---------------------------------------------------------------------------------
Warning: Parallel synthesis criteria is not met 
WARNING: [Synth 8-3331] design ald_parameter_register_0_0 has unconnected port s00_axi_awprot[2]
WARNING: [Synth 8-3331] design ald_parameter_register_0_0 has unconnected port s00_axi_awprot[1]
WARNING: [Synth 8-3331] design ald_parameter_register_0_0 has unconnected port s00_axi_awprot[0]
WARNING: [Synth 8-3331] design ald_parameter_register_0_0 has unconnected port s00_axi_arprot[2]
WARNING: [Synth 8-3331] design ald_parameter_register_0_0 has unconnected port s00_axi_arprot[1]
WARNING: [Synth 8-3331] design ald_parameter_register_0_0 has unconnected port s00_axi_arprot[0]
INFO: [Synth 8-3886] merging instance 'inst/parameter_register_v1_0_S00_AXI_inst/axi_rresp_reg[0]' (FDRE) to 'inst/parameter_register_v1_0_S00_AXI_inst/axi_rresp_reg[1]'
INFO: [Synth 8-3333] propagating constant 0 across sequential element (\inst/parameter_register_v1_0_S00_AXI_inst/axi_rresp_reg[1] )
INFO: [Synth 8-3886] merging instance 'inst/parameter_register_v1_0_S00_AXI_inst/axi_bresp_reg[0]' (FDRE) to 'inst/parameter_register_v1_0_S00_AXI_inst/axi_bresp_reg[1]'
INFO: [Synth 8-3333] propagating constant 0 across sequential element (\inst/parameter_register_v1_0_S00_AXI_inst/axi_bresp_reg[1] )
---------------------------------------------------------------------------------
Finished Cross Boundary and Area Optimization : Time (s): cpu = 00:00:09 ; elapsed = 00:00:10 . Memory (MB): peak = 1847.500 ; gain = 460.496 ; free physical = 9099 ; free virtual = 14615
---------------------------------------------------------------------------------

Report RTL Partitions: 
+-+--------------+------------+----------+
| |RTL Partition |Replication |Instances |
+-+--------------+------------+----------+
+-+--------------+------------+----------+
---------------------------------------------------------------------------------
Start Applying XDC Timing Constraints
---------------------------------------------------------------------------------
---------------------------------------------------------------------------------
Finished Applying XDC Timing Constraints : Time (s): cpu = 00:00:14 ; elapsed = 00:00:15 . Memory (MB): peak = 1847.500 ; gain = 460.496 ; free physical = 8981 ; free virtual = 14488
---------------------------------------------------------------------------------
---------------------------------------------------------------------------------
Start Timing Optimization
---------------------------------------------------------------------------------
---------------------------------------------------------------------------------
Finished Timing Optimization : Time (s): cpu = 00:00:14 ; elapsed = 00:00:15 . Memory (MB): peak = 1847.500 ; gain = 460.496 ; free physical = 8981 ; free virtual = 14488
---------------------------------------------------------------------------------

Report RTL Partitions: 
+-+--------------+------------+----------+
| |RTL Partition |Replication |Instances |
+-+--------------+------------+----------+
+-+--------------+------------+----------+
---------------------------------------------------------------------------------
Start Technology Mapping
---------------------------------------------------------------------------------
---------------------------------------------------------------------------------
Finished Technology Mapping : Time (s): cpu = 00:00:14 ; elapsed = 00:00:16 . Memory (MB): peak = 1847.500 ; gain = 460.496 ; free physical = 8980 ; free virtual = 14487
---------------------------------------------------------------------------------

Report RTL Partitions: 
+-+--------------+------------+----------+
| |RTL Partition |Replication |Instances |
+-+--------------+------------+----------+
+-+--------------+------------+----------+
---------------------------------------------------------------------------------
Start IO Insertion
---------------------------------------------------------------------------------
---------------------------------------------------------------------------------
Start Flattening Before IO Insertion
---------------------------------------------------------------------------------
---------------------------------------------------------------------------------
Finished Flattening Before IO Insertion
---------------------------------------------------------------------------------
---------------------------------------------------------------------------------
Start Final Netlist Cleanup
---------------------------------------------------------------------------------
---------------------------------------------------------------------------------
Finished Final Netlist Cleanup
---------------------------------------------------------------------------------
---------------------------------------------------------------------------------
Finished IO Insertion : Time (s): cpu = 00:00:14 ; elapsed = 00:00:16 . Memory (MB): peak = 1847.500 ; gain = 460.496 ; free physical = 8980 ; free virtual = 14487
---------------------------------------------------------------------------------

Report Check Netlist: 
+------+------------------+-------+---------+-------+------------------+
|      |Item              |Errors |Warnings |Status |Description       |
+------+------------------+-------+---------+-------+------------------+
|1     |multi_driven_nets |      0|        0|Passed |Multi driven nets |
+------+------------------+-------+---------+-------+------------------+
---------------------------------------------------------------------------------
Start Renaming Generated Instances
---------------------------------------------------------------------------------
---------------------------------------------------------------------------------
Finished Renaming Generated Instances : Time (s): cpu = 00:00:14 ; elapsed = 00:00:16 . Memory (MB): peak = 1847.500 ; gain = 460.496 ; free physical = 8980 ; free virtual = 14487
---------------------------------------------------------------------------------

Report RTL Partitions: 
+-+--------------+------------+----------+
| |RTL Partition |Replication |Instances |
+-+--------------+------------+----------+
+-+--------------+------------+----------+
---------------------------------------------------------------------------------
Start Rebuilding User Hierarchy
---------------------------------------------------------------------------------
---------------------------------------------------------------------------------
Finished Rebuilding User Hierarchy : Time (s): cpu = 00:00:14 ; elapsed = 00:00:16 . Memory (MB): peak = 1847.500 ; gain = 460.496 ; free physical = 8980 ; free virtual = 14487
---------------------------------------------------------------------------------
---------------------------------------------------------------------------------
Start Renaming Generated Ports
---------------------------------------------------------------------------------
---------------------------------------------------------------------------------
Finished Renaming Generated Ports : Time (s): cpu = 00:00:14 ; elapsed = 00:00:16 . Memory (MB): peak = 1847.500 ; gain = 460.496 ; free physical = 8980 ; free virtual = 14487
---------------------------------------------------------------------------------
---------------------------------------------------------------------------------
Start Handling Custom Attributes
---------------------------------------------------------------------------------
---------------------------------------------------------------------------------
Finished Handling Custom Attributes : Time (s): cpu = 00:00:14 ; elapsed = 00:00:16 . Memory (MB): peak = 1847.500 ; gain = 460.496 ; free physical = 8981 ; free virtual = 14488
---------------------------------------------------------------------------------
---------------------------------------------------------------------------------
Start Renaming Generated Nets
---------------------------------------------------------------------------------
---------------------------------------------------------------------------------
Finished Renaming Generated Nets : Time (s): cpu = 00:00:14 ; elapsed = 00:00:16 . Memory (MB): peak = 1847.500 ; gain = 460.496 ; free physical = 8981 ; free virtual = 14488
---------------------------------------------------------------------------------
---------------------------------------------------------------------------------
Start Writing Synthesis Report
---------------------------------------------------------------------------------

Report BlackBoxes: 
+-+--------------+----------+
| |BlackBox name |Instances |
+-+--------------+----------+
+-+--------------+----------+

Report Cell Usage: 
+------+-----+------+
|      |Cell |Count |
+------+-----+------+
|1     |LUT1 |     1|
|2     |LUT2 |     1|
|3     |LUT3 |     1|
|4     |LUT4 |     4|
|5     |LUT5 |    92|
|6     |LUT6 |    74|
|7     |FDRE |   333|
|8     |FDSE |     1|
+------+-----+------+

Report Instance Areas: 
+------+-----------------------------------------+--------------------------------+------+
|      |Instance                                 |Module                          |Cells |
+------+-----------------------------------------+--------------------------------+------+
|1     |top                                      |                                |   507|
|2     |  inst                                   |parameter_register_v1_0         |   507|
|3     |    parameter_register_v1_0_S00_AXI_inst |parameter_register_v1_0_S00_AXI |   507|
+------+-----------------------------------------+--------------------------------+------+
---------------------------------------------------------------------------------
Finished Writing Synthesis Report : Time (s): cpu = 00:00:14 ; elapsed = 00:00:16 . Memory (MB): peak = 1847.500 ; gain = 460.496 ; free physical = 8981 ; free virtual = 14488
---------------------------------------------------------------------------------
Synthesis finished with 0 errors, 0 critical warnings and 6 warnings.
Synthesis Optimization Runtime : Time (s): cpu = 00:00:11 ; elapsed = 00:00:12 . Memory (MB): peak = 1847.500 ; gain = 131.652 ; free physical = 9038 ; free virtual = 14545
Synthesis Optimization Complete : Time (s): cpu = 00:00:14 ; elapsed = 00:00:16 . Memory (MB): peak = 1847.500 ; gain = 460.496 ; free physical = 9038 ; free virtual = 14545
INFO: [Project 1-571] Translating synthesized netlist
INFO: [Project 1-570] Preparing netlist for logic optimization
INFO: [Opt 31-138] Pushed 0 inverter(s) to 0 load pin(s).
Netlist sorting complete. Time (s): cpu = 00:00:00 ; elapsed = 00:00:00 . Memory (MB): peak = 1847.500 ; gain = 0.000 ; free physical = 8976 ; free virtual = 14483
INFO: [Project 1-111] Unisim Transformation Summary:
No Unisim elements were transformed.

INFO: [Common 17-83] Releasing license: Synthesis
24 Infos, 14 Warnings, 0 Critical Warnings and 0 Errors encountered.
synth_design completed successfully
synth_design: Time (s): cpu = 00:00:16 ; elapsed = 00:00:17 . Memory (MB): peak = 1847.500 ; gain = 466.320 ; free physical = 9032 ; free virtual = 14539
Netlist sorting complete. Time (s): cpu = 00:00:00 ; elapsed = 00:00:00 . Memory (MB): peak = 1847.500 ; gain = 0.000 ; free physical = 9032 ; free virtual = 14539
WARNING: [Constraints 18-5210] No constraints selected for write.
Resolution: This message can indicate that there are no constraints for the design, or it can indicate that the used_in flags are set such that the constraints are ignored. This later case is used when running synth_design to not write synthesis constraints to the resulting checkpoint. Instead, project constraints are read when the synthesized design is opened.
INFO: [Common 17-1381] The checkpoint '/home/lsriw/PSRA/DG/lab4/ald/ald.runs/ald_parameter_register_0_0_synth_1/ald_parameter_register_0_0.dcp' has been generated.
INFO: [Coretcl 2-1648] Added synthesis output to IP cache for IP ald_parameter_register_0_0, cache-ID = 76eef5e02fab373e
INFO: [Coretcl 2-1174] Renamed 2 cell refs.
Netlist sorting complete. Time (s): cpu = 00:00:00 ; elapsed = 00:00:00 . Memory (MB): peak = 1847.500 ; gain = 0.000 ; free physical = 9033 ; free virtual = 14541
WARNING: [Constraints 18-5210] No constraints selected for write.
Resolution: This message can indicate that there are no constraints for the design, or it can indicate that the used_in flags are set such that the constraints are ignored. This later case is used when running synth_design to not write synthesis constraints to the resulting checkpoint. Instead, project constraints are read when the synthesized design is opened.
INFO: [Common 17-1381] The checkpoint '/home/lsriw/PSRA/DG/lab4/ald/ald.runs/ald_parameter_register_0_0_synth_1/ald_parameter_register_0_0.dcp' has been generated.
INFO: [runtcl-4] Executing : report_utilization -file ald_parameter_register_0_0_utilization_synth.rpt -pb ald_parameter_register_0_0_utilization_synth.pb
INFO: [Common 17-206] Exiting Vivado at Wed Mar 20 15:53:42 2019...
