13:16:55 INFO  : Registering command handlers for SDK TCF services
13:16:56 INFO  : Launching XSCT server: xsct -n -interactive /home/lsriw/HSVS/2504/ald/ald.sdk/temp_xsdb_launch_script.tcl
13:16:58 INFO  : XSCT server has started successfully.
13:16:58 INFO  : Successfully done setting XSCT server connection channel  
13:16:58 INFO  : Successfully done setting SDK workspace  
13:16:58 INFO  : Processing command line option -hwspec /home/lsriw/HSVS/2504/ald/ald.sdk/ald_wrapper.hdf.
13:21:47 INFO  : Launching XSCT server: xsct -n -interactive /home/lsriw/HSVS/2504/ald/ald.sdk/temp_xsdb_launch_script.tcl
13:21:49 INFO  : XSCT server has started successfully.
13:21:49 INFO  : Successfully done setting XSCT server connection channel  
13:21:52 INFO  : Successfully done setting SDK workspace  
13:21:53 INFO  : Registering command handlers for SDK TCF services
13:21:54 INFO  : Processing command line option -hwspec /home/lsriw/HSVS/2504/ald/ald.sdk/ald_wrapper.hdf.
13:21:55 INFO  : Checking for hwspec changes in the project ald_wrapper_hw_platform_0.
13:24:10 INFO  : Launching XSCT server: xsct -n -interactive /home/lsriw/HSVS/2504/ald/ald.sdk/temp_xsdb_launch_script.tcl
13:24:12 INFO  : XSCT server has started successfully.
13:24:16 INFO  : Successfully done setting XSCT server connection channel  
13:24:16 INFO  : Successfully done setting SDK workspace  
13:24:17 INFO  : Registering command handlers for SDK TCF services
13:24:18 INFO  : Processing command line option -hwspec /home/lsriw/HSVS/2504/ald/ald.sdk/ald_wrapper.hdf.
13:24:19 INFO  : Checking for hwspec changes in the project ald_wrapper_hw_platform_0.
13:27:24 INFO  : 'targets -set -filter {jtag_cable_name =~ "Digilent Zybo 210279786452A" && level==0} -index 1' command is executed.
13:27:24 INFO  : 'fpga -state' command is executed.
13:27:24 INFO  : Connected to target on host '127.0.0.1' and port '3121'.
13:27:24 INFO  : Jtag cable 'Digilent Zybo 210279786452A' is selected.
13:27:24 INFO  : 'jtag frequency' command is executed.
13:27:24 INFO  : Sourcing of '/home/lsriw/HSVS/2504/ald/ald.sdk/ald_wrapper_hw_platform_0/ps7_init.tcl' is done.
13:27:24 INFO  : Context for 'APU' is selected.
13:27:24 INFO  : Hardware design information is loaded from '/home/lsriw/HSVS/2504/ald/ald.sdk/ald_wrapper_hw_platform_0/system.hdf'.
13:27:24 INFO  : 'configparams force-mem-access 1' command is executed.
13:27:24 INFO  : Context for 'APU' is selected.
13:27:24 INFO  : 'stop' command is executed.
13:27:25 INFO  : 'ps7_init' command is executed.
13:27:25 INFO  : 'ps7_post_config' command is executed.
13:27:25 INFO  : Context for processor 'ps7_cortexa9_0' is selected.
13:27:25 INFO  : Processor reset is completed for 'ps7_cortexa9_0'.
13:27:25 INFO  : Context for processor 'ps7_cortexa9_0' is selected.
13:27:25 INFO  : The application '/home/lsriw/HSVS/2504/ald/ald.sdk/ald_cpp/Debug/ald_cpp.elf' is downloaded to processor 'ps7_cortexa9_0'.
13:27:25 INFO  : 'configparams force-mem-access 0' command is executed.
13:27:25 INFO  : ----------------XSDB Script----------------
connect -url tcp:127.0.0.1:3121
source /home/lsriw/HSVS/2504/ald/ald.sdk/ald_wrapper_hw_platform_0/ps7_init.tcl
targets -set -nocase -filter {name =~"APU*" && jtag_cable_name =~ "Digilent Zybo 210279786452A"} -index 0
loadhw -hw /home/lsriw/HSVS/2504/ald/ald.sdk/ald_wrapper_hw_platform_0/system.hdf -mem-ranges [list {0x40000000 0xbfffffff}]
configparams force-mem-access 1
targets -set -nocase -filter {name =~"APU*" && jtag_cable_name =~ "Digilent Zybo 210279786452A"} -index 0
stop
ps7_init
ps7_post_config
targets -set -nocase -filter {name =~ "ARM*#0" && jtag_cable_name =~ "Digilent Zybo 210279786452A"} -index 0
rst -processor
targets -set -nocase -filter {name =~ "ARM*#0" && jtag_cable_name =~ "Digilent Zybo 210279786452A"} -index 0
dow /home/lsriw/HSVS/2504/ald/ald.sdk/ald_cpp/Debug/ald_cpp.elf
configparams force-mem-access 0
----------------End of Script----------------

13:27:25 INFO  : Memory regions updated for context APU
13:27:25 INFO  : Context for processor 'ps7_cortexa9_0' is selected.
13:27:25 INFO  : 'con' command is executed.
13:27:25 INFO  : ----------------XSDB Script (After Launch)----------------
targets -set -nocase -filter {name =~ "ARM*#0" && jtag_cable_name =~ "Digilent Zybo 210279786452A"} -index 0
con
----------------End of Script----------------

13:27:25 INFO  : Launch script is exported to file '/home/lsriw/HSVS/2504/ald/ald.sdk/.sdk/launch_scripts/xilinx_c-c++_application_(system_debugger)/system_debugger_using_debug_ald_cpp.elf_on_local.tcl'
