#-----------------------------------------------------------
# Webtalk v2018.3 (64-bit)
# SW Build 2405991 on Thu Dec  6 23:36:41 MST 2018
# 
# Start of session at: Wed Apr  3 15:55:17 2019
# Process ID: 24958
# Current directory: /home/lsriw/PSRA/DG/lab6/ald/ald.sdk/webtalk
# Command line: wbtcv -mode batch -source sdk_webtalk.tcl
# Log file: /home/lsriw/PSRA/DG/lab6/ald/ald.sdk/webtalk/webtalk.log
# Journal file: /home/lsriw/PSRA/DG/lab6/ald/ald.sdk/webtalk/webtalk.jou
#-----------------------------------------------------------
source sdk_webtalk.tcl
# webtalk_init -webtalk_dir /home/lsriw/PSRA/DG/lab6/ald/ald.sdk/webtalk
# webtalk_register_client -client project
# webtalk_add_data -client project -key date_generated -value "2019-04-03 15:55:16" -context "software_version_and_target_device"
# webtalk_add_data -client project -key product_version -value "SDK v2018.3" -context "software_version_and_target_device"
# webtalk_add_data -client project -key build_version -value "2018.3" -context "software_version_and_target_device"
# webtalk_add_data -client project -key os_platform -value "amd64" -context "software_version_and_target_device"
# webtalk_add_data -client project -key registration_id -value "176760252_1777531300_210672892_546" -context "software_version_and_target_device"
# webtalk_add_data -client project -key tool_flow -value "SDK" -context "software_version_and_target_device"
# webtalk_add_data -client project -key beta -value "false" -context "software_version_and_target_device"
# webtalk_add_data -client project -key route_design -value "NA" -context "software_version_and_target_device"
# webtalk_add_data -client project -key target_family -value "NA" -context "software_version_and_target_device"
# webtalk_add_data -client project -key target_device -value "NA" -context "software_version_and_target_device"
# webtalk_add_data -client project -key target_package -value "NA" -context "software_version_and_target_device"
# webtalk_add_data -client project -key target_speed -value "NA" -context "software_version_and_target_device"
# webtalk_add_data -client project -key random_id -value "fdeb72vbuln2vptlbfh14hq7al" -context "software_version_and_target_device"
# webtalk_add_data -client project -key project_id -value "2018.3_18" -context "software_version_and_target_device"
# webtalk_add_data -client project -key project_iteration -value "18" -context "software_version_and_target_device"
# webtalk_add_data -client project -key os_name -value "Ubuntu" -context "user_environment"
# webtalk_add_data -client project -key os_release -value "Ubuntu 18.04.2 LTS" -context "user_environment"
# webtalk_add_data -client project -key cpu_name -value "Intel(R) Core(TM) i7-3770 CPU @ 3.40GHz" -context "user_environment"
# webtalk_add_data -client project -key cpu_speed -value "3668.175 MHz" -context "user_environment"
# webtalk_add_data -client project -key total_processors -value "1" -context "user_environment"
# webtalk_add_data -client project -key system_ram -value "16.699 GB" -context "user_environment"
# webtalk_register_client -client sdk
# webtalk_add_data -client sdk -key uid -value "1554299010000" -context "sdk\\\\hardware/1554299010000"
# webtalk_add_data -client sdk -key isZynq -value "true" -context "sdk\\\\hardware/1554299010000"
# webtalk_add_data -client sdk -key isZynqMP -value "false" -context "sdk\\\\hardware/1554299010000"
# webtalk_add_data -client sdk -key Processors -value "2" -context "sdk\\\\hardware/1554299010000"
# webtalk_add_data -client sdk -key VivadoVersion -value "2018.3" -context "sdk\\\\hardware/1554299010000"
# webtalk_add_data -client sdk -key Arch -value "zynq" -context "sdk\\\\hardware/1554299010000"
# webtalk_add_data -client sdk -key Device -value "7z010" -context "sdk\\\\hardware/1554299010000"
# webtalk_add_data -client sdk -key IsHandoff -value "true" -context "sdk\\\\hardware/1554299010000"
# webtalk_add_data -client sdk -key os -value "NA" -context "sdk\\\\hardware/1554299010000"
# webtalk_add_data -client sdk -key apptemplate -value "NA" -context "sdk\\\\hardware/1554299010000"
# webtalk_add_data -client sdk -key RecordType -value "HWCreation" -context "sdk\\\\hardware/1554299010000"
# webtalk_add_data -client sdk -key uid -value "1554299037000" -context "sdk\\\\bsp/1554299037000"
# webtalk_add_data -client sdk -key hwid -value "1554299010000" -context "sdk\\\\bsp/1554299037000"
# webtalk_add_data -client sdk -key os -value "standalone" -context "sdk\\\\bsp/1554299037000"
# webtalk_add_data -client sdk -key apptemplate -value "empty_application" -context "sdk\\\\bsp/1554299037000"
# webtalk_add_data -client sdk -key RecordType -value "BSPCreation" -context "sdk\\\\bsp/1554299037000"
# webtalk_add_data -client sdk -key uid -value "1554299038000" -context "sdk\\\\application/1554299038000"
# webtalk_add_data -client sdk -key hwid -value "1554299010000" -context "sdk\\\\application/1554299038000"
# webtalk_add_data -client sdk -key bspid -value "1554299037000" -context "sdk\\\\application/1554299038000"
# webtalk_add_data -client sdk -key newbsp -value "true" -context "sdk\\\\application/1554299038000"
# webtalk_add_data -client sdk -key os -value "standalone" -context "sdk\\\\application/1554299038000"
# webtalk_add_data -client sdk -key apptemplate -value "empty_application" -context "sdk\\\\application/1554299038000"
# webtalk_add_data -client sdk -key RecordType -value "APPCreation" -context "sdk\\\\application/1554299038000"
# webtalk_add_data -client sdk -key LangUsed -value "CPP" -context "sdk\\\\application/1554299038000"
# webtalk_add_data -client sdk -key Procused -value "ps7_cortexa9" -context "sdk\\\\application/1554299038000"
# webtalk_add_data -client sdk -key projSize -value "243.15234375" -context "sdk\\\\application/1554299038000"
# webtalk_add_data -client sdk -key uid -value "NA" -context "sdk\\\\bsp/1554299716146"
# webtalk_add_data -client sdk -key RecordType -value "ToolUsage" -context "sdk\\\\bsp/1554299716146"
# webtalk_add_data -client sdk -key BootgenCount -value "0" -context "sdk\\\\bsp/1554299716146"
# webtalk_add_data -client sdk -key DebugCount -value "3" -context "sdk\\\\bsp/1554299716146"
# webtalk_add_data -client sdk -key PerfCount -value "0" -context "sdk\\\\bsp/1554299716146"
# webtalk_add_data -client sdk -key FlashCount -value "0" -context "sdk\\\\bsp/1554299716146"
# webtalk_add_data -client sdk -key CrossTriggCount -value "0" -context "sdk\\\\bsp/1554299716146"
# webtalk_add_data -client sdk -key QemuDebugCount -value "0" -context "sdk\\\\bsp/1554299716146"
# webtalk_transmit -clientid 3598281409 -regid "176760252_1777531300_210672892_546" -xml /home/lsriw/PSRA/DG/lab6/ald/ald.sdk/webtalk/usage_statistics_ext_sdk.xml -html /home/lsriw/PSRA/DG/lab6/ald/ald.sdk/webtalk/usage_statistics_ext_sdk.html -wdm /home/lsriw/PSRA/DG/lab6/ald/ald.sdk/webtalk/sdk_webtalk.wdm -intro "<H3>SDK Usage Report</H3><BR>"
# webtalk_terminate
INFO: [Common 17-206] Exiting Webtalk at Wed Apr  3 15:55:17 2019...
